This file contains any messages produced by compilers while
running configure, to aid debugging if configure makes a mistake.

It was created by glog configure 0.3.4, which was
generated by GNU Autoconf 2.69.  Invocation command line was

  $ ./configure --prefix=/nx/work/toolchain/installed

## --------- ##
## Platform. ##
## --------- ##

hostname = localhost.localdomain
uname -m = x86_64
uname -r = 3.10.0-229.1.2.el7.x86_64
uname -s = Linux
uname -v = #1 SMP Thu Mar 26 09:10:25 CDT 2015

/usr/bin/uname -p = x86_64
/bin/uname -X     = unknown

/bin/arch              = x86_64
/usr/bin/arch -k       = unknown
/usr/convex/getsysinfo = unknown
/usr/bin/hostinfo      = unknown
/bin/machine           = unknown
/usr/bin/oslevel       = unknown
/bin/universe          = unknown

PATH: /nx/dbg/bin
PATH: /nx/work/toolchain/installed/bin
PATH: /nx/dbg/bin
PATH: /nx/work/toolchain/installed/bin
PATH: /nx/opt/bin
PATH: /nx/work/toolchain/installed/bin
PATH: /nx/work/toolchain/installed/bin
PATH: /usr/lib64/qt-3.3/bin
PATH: /usr/local/bin
PATH: /usr/bin
PATH: /usr/local/sbin
PATH: /usr/sbin
PATH: /home/ftian/.local/bin
PATH: /home/ftian/bin
PATH: /nx/software/llvm-3.5-opt/bin
PATH: /nx/software/llvm-3.5-opt-assert/bin
PATH: /home/ftian/software/bin
PATH: /nx/software/llvm-3.5-opt-assert/bin


## ----------- ##
## Core tests. ##
## ----------- ##

configure:2788: checking for a BSD-compatible install
configure:2856: result: /usr/bin/install -c
configure:2867: checking whether build environment is sane
configure:2922: result: yes
configure:2960: WARNING: 'missing' script is too old or missing
configure:3073: checking for a thread-safe mkdir -p
configure:3112: result: /usr/bin/mkdir -p
configure:3119: checking for gawk
configure:3135: found /usr/bin/gawk
configure:3146: result: gawk
configure:3157: checking whether make sets $(MAKE)
configure:3179: result: yes
configure:3208: checking whether make supports nested variables
configure:3225: result: yes
configure:3368: checking for gcc
configure:3395: result: gcc
configure:3624: checking for C compiler version
configure:3633: gcc --version >&5
gcc (GCC) 4.8.3 20140911 (Red Hat 4.8.3-9)
Copyright (C) 2013 Free Software Foundation, Inc.
This is free software; see the source for copying conditions.  There is NO
warranty; not even for MERCHANTABILITY or FITNESS FOR A PARTICULAR PURPOSE.

configure:3644: $? = 0
configure:3633: gcc -v >&5
Using built-in specs.
COLLECT_GCC=gcc
COLLECT_LTO_WRAPPER=/usr/libexec/gcc/x86_64-redhat-linux/4.8.3/lto-wrapper
Target: x86_64-redhat-linux
Configured with: ../configure --prefix=/usr --mandir=/usr/share/man --infodir=/usr/share/info --with-bugurl=http://bugzilla.redhat.com/bugzilla --enable-bootstrap --enable-shared --enable-threads=posix --enable-checking=release --with-system-zlib --enable-__cxa_atexit --disable-libunwind-exceptions --enable-gnu-unique-object --enable-linker-build-id --with-linker-hash-style=gnu --enable-languages=c,c++,objc,obj-c++,java,fortran,ada,go,lto --enable-plugin --enable-initfini-array --disable-libgcj --with-isl=/builddir/build/BUILD/gcc-4.8.3-20140911/obj-x86_64-redhat-linux/isl-install --with-cloog=/builddir/build/BUILD/gcc-4.8.3-20140911/obj-x86_64-redhat-linux/cloog-install --enable-gnu-indirect-function --with-tune=generic --with-arch_32=x86-64 --build=x86_64-redhat-linux
Thread model: posix
gcc version 4.8.3 20140911 (Red Hat 4.8.3-9) (GCC) 
configure:3644: $? = 0
configure:3633: gcc -V >&5
gcc: error: unrecognized command line option '-V'
gcc: fatal error: no input files
compilation terminated.
configure:3644: $? = 4
configure:3633: gcc -qversion >&5
gcc: error: unrecognized command line option '-qversion'
gcc: fatal error: no input files
compilation terminated.
configure:3644: $? = 4
configure:3664: checking whether the C compiler works
configure:3686: gcc    conftest.c  >&5
configure:3690: $? = 0
configure:3738: result: yes
configure:3741: checking for C compiler default output file name
configure:3743: result: a.out
configure:3749: checking for suffix of executables
configure:3756: gcc -o conftest    conftest.c  >&5
configure:3760: $? = 0
configure:3782: result: 
configure:3804: checking whether we are cross compiling
configure:3812: gcc -o conftest    conftest.c  >&5
configure:3816: $? = 0
configure:3823: ./conftest
configure:3827: $? = 0
configure:3842: result: no
configure:3847: checking for suffix of object files
configure:3869: gcc -c   conftest.c >&5
configure:3873: $? = 0
configure:3894: result: o
configure:3898: checking whether we are using the GNU C compiler
configure:3917: gcc -c   conftest.c >&5
configure:3917: $? = 0
configure:3926: result: yes
configure:3935: checking whether gcc accepts -g
configure:3955: gcc -c -g  conftest.c >&5
configure:3955: $? = 0
configure:3996: result: yes
configure:4013: checking for gcc option to accept ISO C89
configure:4076: gcc  -c -g -O2  conftest.c >&5
configure:4076: $? = 0
configure:4089: result: none needed
configure:4120: checking for style of include used by make
configure:4148: result: GNU
configure:4174: checking dependency style of gcc
configure:4285: result: gcc3
configure:4305: checking how to run the C preprocessor
configure:4336: gcc -E  conftest.c
configure:4336: $? = 0
configure:4350: gcc -E  conftest.c
conftest.c:11:28: fatal error: ac_nonexistent.h: No such file or directory
 #include <ac_nonexistent.h>
                            ^
compilation terminated.
configure:4350: $? = 1
configure: failed program was:
| /* confdefs.h */
| #define PACKAGE_NAME "glog"
| #define PACKAGE_TARNAME "glog"
| #define PACKAGE_VERSION "0.3.4"
| #define PACKAGE_STRING "glog 0.3.4"
| #define PACKAGE_BUGREPORT "opensource@google.com"
| #define PACKAGE_URL ""
| #define PACKAGE "glog"
| #define VERSION "0.3.4"
| /* end confdefs.h.  */
| #include <ac_nonexistent.h>
configure:4375: result: gcc -E
configure:4395: gcc -E  conftest.c
configure:4395: $? = 0
configure:4409: gcc -E  conftest.c
conftest.c:11:28: fatal error: ac_nonexistent.h: No such file or directory
 #include <ac_nonexistent.h>
                            ^
compilation terminated.
configure:4409: $? = 1
configure: failed program was:
| /* confdefs.h */
| #define PACKAGE_NAME "glog"
| #define PACKAGE_TARNAME "glog"
| #define PACKAGE_VERSION "0.3.4"
| #define PACKAGE_STRING "glog 0.3.4"
| #define PACKAGE_BUGREPORT "opensource@google.com"
| #define PACKAGE_URL ""
| #define PACKAGE "glog"
| #define VERSION "0.3.4"
| /* end confdefs.h.  */
| #include <ac_nonexistent.h>
configure:4549: checking for C++ compiler version
configure:4558: g++ --version >&5
g++ (GCC) 4.8.3 20140911 (Red Hat 4.8.3-9)
Copyright (C) 2013 Free Software Foundation, Inc.
This is free software; see the source for copying conditions.  There is NO
warranty; not even for MERCHANTABILITY or FITNESS FOR A PARTICULAR PURPOSE.

configure:4569: $? = 0
configure:4558: g++ -v >&5
Using built-in specs.
COLLECT_GCC=g++
COLLECT_LTO_WRAPPER=/usr/libexec/gcc/x86_64-redhat-linux/4.8.3/lto-wrapper
Target: x86_64-redhat-linux
Configured with: ../configure --prefix=/usr --mandir=/usr/share/man --infodir=/usr/share/info --with-bugurl=http://bugzilla.redhat.com/bugzilla --enable-bootstrap --enable-shared --enable-threads=posix --enable-checking=release --with-system-zlib --enable-__cxa_atexit --disable-libunwind-exceptions --enable-gnu-unique-object --enable-linker-build-id --with-linker-hash-style=gnu --enable-languages=c,c++,objc,obj-c++,java,fortran,ada,go,lto --enable-plugin --enable-initfini-array --disable-libgcj --with-isl=/builddir/build/BUILD/gcc-4.8.3-20140911/obj-x86_64-redhat-linux/isl-install --with-cloog=/builddir/build/BUILD/gcc-4.8.3-20140911/obj-x86_64-redhat-linux/cloog-install --enable-gnu-indirect-function --with-tune=generic --with-arch_32=x86-64 --build=x86_64-redhat-linux
Thread model: posix
gcc version 4.8.3 20140911 (Red Hat 4.8.3-9) (GCC) 
configure:4569: $? = 0
configure:4558: g++ -V >&5
g++: error: unrecognized command line option '-V'
g++: fatal error: no input files
compilation terminated.
configure:4569: $? = 4
configure:4558: g++ -qversion >&5
g++: error: unrecognized command line option '-qversion'
g++: fatal error: no input files
compilation terminated.
configure:4569: $? = 4
configure:4573: checking whether we are using the GNU C++ compiler
configure:4592: g++ -c   conftest.cpp >&5
configure:4592: $? = 0
configure:4601: result: yes
configure:4610: checking whether g++ accepts -g
configure:4630: g++ -c -g  conftest.cpp >&5
configure:4630: $? = 0
configure:4671: result: yes
configure:4696: checking dependency style of g++
configure:4807: result: gcc3
configure:4860: checking build system type
configure:4874: result: x86_64-unknown-linux-gnu
configure:4894: checking host system type
configure:4907: result: x86_64-unknown-linux-gnu
configure:4948: checking how to print strings
configure:4975: result: printf
configure:4996: checking for a sed that does not truncate output
configure:5060: result: /usr/bin/sed
configure:5078: checking for grep that handles long lines and -e
configure:5136: result: /usr/bin/grep
configure:5141: checking for egrep
configure:5203: result: /usr/bin/grep -E
configure:5208: checking for fgrep
configure:5270: result: /usr/bin/grep -F
configure:5305: checking for ld used by gcc
configure:5372: result: /usr/bin/ld
configure:5379: checking if the linker (/usr/bin/ld) is GNU ld
configure:5394: result: yes
configure:5406: checking for BSD- or MS-compatible name lister (nm)
configure:5455: result: /usr/bin/nm -B
configure:5585: checking the name lister (/usr/bin/nm -B) interface
configure:5592: g++ -c -g -O2  conftest.cpp >&5
configure:5595: /usr/bin/nm -B "conftest.o"
configure:5598: output
0000000000000000 B some_variable
configure:5605: result: BSD nm
configure:5608: checking whether ln -s works
configure:5612: result: yes
configure:5620: checking the maximum length of command line arguments
configure:5750: result: 1572864
configure:5767: checking whether the shell understands some XSI constructs
configure:5777: result: yes
configure:5781: checking whether the shell understands "+="
configure:5787: result: yes
configure:5822: checking how to convert x86_64-unknown-linux-gnu file names to x86_64-unknown-linux-gnu format
configure:5862: result: func_convert_file_noop
configure:5869: checking how to convert x86_64-unknown-linux-gnu file names to toolchain format
configure:5889: result: func_convert_file_noop
configure:5896: checking for /usr/bin/ld option to reload object files
configure:5903: result: -r
configure:5977: checking for objdump
configure:5993: found /usr/bin/objdump
configure:6004: result: objdump
configure:6036: checking how to recognize dependent libraries
configure:6238: result: pass_all
configure:6323: checking for dlltool
configure:6353: result: no
configure:6383: checking how to associate runtime and link libraries
configure:6410: result: printf %s\n
configure:6471: checking for ar
configure:6487: found /usr/bin/ar
configure:6498: result: ar
configure:6535: checking for archiver @FILE support
configure:6552: g++ -c -g -O2  conftest.cpp >&5
configure:6552: $? = 0
configure:6555: ar cru libconftest.a @conftest.lst >&5
configure:6558: $? = 0
configure:6563: ar cru libconftest.a @conftest.lst >&5
ar: conftest.o: No such file or directory
configure:6566: $? = 1
configure:6578: result: @
configure:6636: checking for strip
configure:6652: found /usr/bin/strip
configure:6663: result: strip
configure:6735: checking for ranlib
configure:6751: found /usr/bin/ranlib
configure:6762: result: ranlib
configure:6864: checking command to parse /usr/bin/nm -B output from gcc object
configure:6984: g++ -c -g -O2  conftest.cpp >&5
configure:6987: $? = 0
configure:6991: /usr/bin/nm -B conftest.o \| sed -n -e 's/^.*[ ]\([ABCDGIRSTW][ABCDGIRSTW]*\)[ ][ ]*\([_A-Za-z][_A-Za-z0-9]*\)$/\1 \2 \2/p' | sed '/ __gnu_lto/d' \> conftest.nm
configure:6994: $? = 0
configure:7060: g++ -o conftest -g -O2   conftest.cpp conftstm.o >&5
configure:7063: $? = 0
configure:7101: result: ok
configure:7138: checking for sysroot
configure:7168: result: no
configure:7246: g++ -c -g -O2  conftest.cpp >&5
configure:7249: $? = 0
configure:7425: checking for mt
configure:7455: result: no
configure:7475: checking if : is a manifest tool
configure:7481: : '-?'
configure:7489: result: no
configure:8127: checking for ANSI C header files
configure:8147: g++ -c -g -O2  conftest.cpp >&5
configure:8147: $? = 0
./configure: line 8161: conftest.cpp: command not found
configure:8231: result: no
configure:8244: checking for sys/types.h
configure:8244: g++ -c -g -O2  conftest.cpp >&5
configure:8244: $? = 0
configure:8244: result: yes
configure:8244: checking for sys/stat.h
configure:8244: g++ -c -g -O2  conftest.cpp >&5
configure:8244: $? = 0
configure:8244: result: yes
configure:8244: checking for stdlib.h
configure:8244: g++ -c -g -O2  conftest.cpp >&5
configure:8244: $? = 0
configure:8244: result: yes
configure:8244: checking for string.h
configure:8244: g++ -c -g -O2  conftest.cpp >&5
configure:8244: $? = 0
configure:8244: result: yes
configure:8244: checking for memory.h
configure:8244: g++ -c -g -O2  conftest.cpp >&5
configure:8244: $? = 0
configure:8244: result: yes
configure:8244: checking for strings.h
configure:8244: g++ -c -g -O2  conftest.cpp >&5
configure:8244: $? = 0
configure:8244: result: yes
configure:8244: checking for inttypes.h
configure:8244: g++ -c -g -O2  conftest.cpp >&5
configure:8244: $? = 0
configure:8244: result: yes
configure:8244: checking for stdint.h
configure:8244: g++ -c -g -O2  conftest.cpp >&5
configure:8244: $? = 0
configure:8244: result: yes
configure:8244: checking for unistd.h
configure:8244: g++ -c -g -O2  conftest.cpp >&5
configure:8244: $? = 0
configure:8244: result: yes
configure:8258: checking for dlfcn.h
configure:8258: g++ -c -g -O2  conftest.cpp >&5
configure:8258: $? = 0
configure:8258: result: yes
configure:8474: checking for objdir
configure:8489: result: .libs
configure:8760: checking if gcc supports -fno-rtti -fno-exceptions
configure:8778: gcc -c -g -O2  -fno-rtti -fno-exceptions conftest.c >&5
cc1: warning: command line option '-fno-rtti' is valid for C++/ObjC++ but not for C [enabled by default]
configure:8782: $? = 0
configure:8795: result: no
configure:9122: checking for gcc option to produce PIC
configure:9129: result: -fPIC -DPIC
configure:9137: checking if gcc PIC flag -fPIC -DPIC works
configure:9155: gcc -c -g -O2  -fPIC -DPIC -DPIC conftest.c >&5
configure:9159: $? = 0
configure:9172: result: yes
configure:9201: checking if gcc static flag -static works
configure:9229: result: no
configure:9244: checking if gcc supports -c -o file.o
configure:9265: gcc -c -g -O2  -o out/conftest2.o conftest.c >&5
configure:9269: $? = 0
configure:9291: result: yes
configure:9299: checking if gcc supports -c -o file.o
configure:9346: result: yes
configure:9379: checking whether the gcc linker (/usr/bin/ld -m elf_x86_64) supports shared libraries
configure:10536: result: yes
configure:10573: checking whether -lc should be explicitly linked in
configure:10581: gcc -c -g -O2  conftest.c >&5
configure:10584: $? = 0
configure:10599: gcc -shared  -fPIC -DPIC conftest.o  -v -Wl,-soname -Wl,conftest -o conftest 2\>\&1 \| /usr/bin/grep  -lc  \>/dev/null 2\>\&1
configure:10602: $? = 0
configure:10616: result: no
configure:10776: checking dynamic linker characteristics
configure:11287: gcc -o conftest -g -O2   -Wl,-rpath -Wl,/foo conftest.c  >&5
configure:11287: $? = 0
configure:11521: result: GNU/Linux ld.so
configure:11628: checking how to hardcode library paths into programs
configure:11653: result: immediate
configure:12193: checking whether stripping libraries is possible
configure:12198: result: yes
configure:12233: checking if libtool supports shared libraries
configure:12235: result: yes
configure:12238: checking whether to build shared libraries
configure:12259: result: yes
configure:12262: checking whether to build static libraries
configure:12266: result: yes
configure:12289: checking how to run the C++ preprocessor
configure:12316: g++ -E  conftest.cpp
configure:12316: $? = 0
configure:12330: g++ -E  conftest.cpp
conftest.cpp:22:28: fatal error: ac_nonexistent.h: No such file or directory
 #include <ac_nonexistent.h>
                            ^
compilation terminated.
configure:12330: $? = 1
configure: failed program was:
| /* confdefs.h */
| #define PACKAGE_NAME "glog"
| #define PACKAGE_TARNAME "glog"
| #define PACKAGE_VERSION "0.3.4"
| #define PACKAGE_STRING "glog 0.3.4"
| #define PACKAGE_BUGREPORT "opensource@google.com"
| #define PACKAGE_URL ""
| #define PACKAGE "glog"
| #define VERSION "0.3.4"
| #define HAVE_SYS_TYPES_H 1
| #define HAVE_SYS_STAT_H 1
| #define HAVE_STDLIB_H 1
| #define HAVE_STRING_H 1
| #define HAVE_MEMORY_H 1
| #define HAVE_STRINGS_H 1
| #define HAVE_INTTYPES_H 1
| #define HAVE_STDINT_H 1
| #define HAVE_UNISTD_H 1
| #define HAVE_DLFCN_H 1
| #define LT_OBJDIR ".libs/"
| /* end confdefs.h.  */
| #include <ac_nonexistent.h>
configure:12355: result: g++ -E
configure:12375: g++ -E  conftest.cpp
configure:12375: $? = 0
configure:12389: g++ -E  conftest.cpp
conftest.cpp:22:28: fatal error: ac_nonexistent.h: No such file or directory
 #include <ac_nonexistent.h>
                            ^
compilation terminated.
configure:12389: $? = 1
configure: failed program was:
| /* confdefs.h */
| #define PACKAGE_NAME "glog"
| #define PACKAGE_TARNAME "glog"
| #define PACKAGE_VERSION "0.3.4"
| #define PACKAGE_STRING "glog 0.3.4"
| #define PACKAGE_BUGREPORT "opensource@google.com"
| #define PACKAGE_URL ""
| #define PACKAGE "glog"
| #define VERSION "0.3.4"
| #define HAVE_SYS_TYPES_H 1
| #define HAVE_SYS_STAT_H 1
| #define HAVE_STDLIB_H 1
| #define HAVE_STRING_H 1
| #define HAVE_MEMORY_H 1
| #define HAVE_STRINGS_H 1
| #define HAVE_INTTYPES_H 1
| #define HAVE_STDINT_H 1
| #define HAVE_UNISTD_H 1
| #define HAVE_DLFCN_H 1
| #define LT_OBJDIR ".libs/"
| /* end confdefs.h.  */
| #include <ac_nonexistent.h>
configure:12558: checking for ld used by g++
configure:12625: result: /usr/bin/ld -m elf_x86_64
configure:12632: checking if the linker (/usr/bin/ld -m elf_x86_64) is GNU ld
configure:12647: result: yes
configure:12702: checking whether the g++ linker (/usr/bin/ld -m elf_x86_64) supports shared libraries
configure:13707: result: yes
configure:13743: g++ -c -g -O2  conftest.cpp >&5
configure:13746: $? = 0
configure:14266: checking for g++ option to produce PIC
configure:14273: result: -fPIC -DPIC
configure:14281: checking if g++ PIC flag -fPIC -DPIC works
configure:14299: g++ -c -g -O2  -fPIC -DPIC -DPIC conftest.cpp >&5
configure:14303: $? = 0
configure:14316: result: yes
configure:14339: checking if g++ static flag -static works
configure:14367: result: no
configure:14379: checking if g++ supports -c -o file.o
configure:14400: g++ -c -g -O2  -o out/conftest2.o conftest.cpp >&5
configure:14404: $? = 0
configure:14426: result: yes
configure:14431: checking if g++ supports -c -o file.o
configure:14478: result: yes
configure:14508: checking whether the g++ linker (/usr/bin/ld -m elf_x86_64) supports shared libraries
configure:14547: result: yes
configure:14688: checking dynamic linker characteristics
configure:15367: result: GNU/Linux ld.so
configure:15420: checking how to hardcode library paths into programs
configure:15445: result: immediate
configure:15510: checking for ANSI C header files
configure:15614: result: no
configure:15624: checking for stdint.h
configure:15624: result: yes
configure:15632: checking for sys/types.h
configure:15632: result: yes
configure:15640: checking for inttypes.h
configure:15640: result: yes
configure:15650: checking for unistd.h
configure:15650: result: yes
configure:15664: checking syscall.h usability
configure:15664: g++ -c -g -O2  conftest.cpp >&5
configure:15664: $? = 0
configure:15664: result: yes
configure:15664: checking syscall.h presence
configure:15664: g++ -E  conftest.cpp
configure:15664: $? = 0
configure:15664: result: yes
configure:15664: checking for syscall.h
configure:15664: result: yes
configure:15676: checking sys/syscall.h usability
configure:15676: g++ -c -g -O2  conftest.cpp >&5
configure:15676: $? = 0
configure:15676: result: yes
configure:15676: checking sys/syscall.h presence
configure:15676: g++ -E  conftest.cpp
configure:15676: $? = 0
configure:15676: result: yes
configure:15676: checking for sys/syscall.h
configure:15676: result: yes
configure:15689: checking execinfo.h usability
configure:15689: g++ -c -g -O2  conftest.cpp >&5
configure:15689: $? = 0
configure:15689: result: yes
configure:15689: checking execinfo.h presence
configure:15689: g++ -E  conftest.cpp
configure:15689: $? = 0
configure:15689: result: yes
configure:15689: checking for execinfo.h
configure:15689: result: yes
configure:15702: checking libunwind.h usability
configure:15702: g++ -c -g -O2  conftest.cpp >&5
configure:15702: $? = 0
configure:15702: result: yes
configure:15702: checking libunwind.h presence
configure:15702: g++ -E  conftest.cpp
configure:15702: $? = 0
configure:15702: result: yes
configure:15702: checking for libunwind.h
configure:15702: result: yes
configure:15716: checking ucontext.h usability
configure:15716: g++ -c -g -O2  conftest.cpp >&5
configure:15716: $? = 0
configure:15716: result: yes
configure:15716: checking ucontext.h presence
configure:15716: g++ -E  conftest.cpp
configure:15716: $? = 0
configure:15716: result: yes
configure:15716: checking for ucontext.h
configure:15716: result: yes
configure:15728: checking sys/utsname.h usability
configure:15728: g++ -c -g -O2  conftest.cpp >&5
configure:15728: $? = 0
configure:15728: result: yes
configure:15728: checking sys/utsname.h presence
configure:15728: g++ -E  conftest.cpp
configure:15728: $? = 0
configure:15728: result: yes
configure:15728: checking for sys/utsname.h
configure:15728: result: yes
configure:15740: checking pwd.h usability
configure:15740: g++ -c -g -O2  conftest.cpp >&5
configure:15740: $? = 0
configure:15740: result: yes
configure:15740: checking pwd.h presence
configure:15740: g++ -E  conftest.cpp
configure:15740: $? = 0
configure:15740: result: yes
configure:15740: checking for pwd.h
configure:15740: result: yes
configure:15752: checking syslog.h usability
configure:15752: g++ -c -g -O2  conftest.cpp >&5
configure:15752: $? = 0
configure:15752: result: yes
configure:15752: checking syslog.h presence
configure:15752: g++ -E  conftest.cpp
configure:15752: $? = 0
configure:15752: result: yes
configure:15752: checking for syslog.h
configure:15752: result: yes
configure:15764: checking sys/time.h usability
configure:15764: g++ -c -g -O2  conftest.cpp >&5
configure:15764: $? = 0
configure:15764: result: yes
configure:15764: checking sys/time.h presence
configure:15764: g++ -E  conftest.cpp
configure:15764: $? = 0
configure:15764: result: yes
configure:15764: checking for sys/time.h
configure:15764: result: yes
configure:15776: checking glob.h usability
configure:15776: g++ -c -g -O2  conftest.cpp >&5
configure:15776: $? = 0
configure:15776: result: yes
configure:15776: checking glob.h presence
configure:15776: g++ -E  conftest.cpp
configure:15776: $? = 0
configure:15776: result: yes
configure:15776: checking for glob.h
configure:15776: result: yes
configure:15789: checking unwind.h usability
configure:15789: g++ -c -g -O2  conftest.cpp >&5
configure:15789: $? = 0
configure:15789: result: yes
configure:15789: checking unwind.h presence
configure:15789: g++ -E  conftest.cpp
configure:15789: $? = 0
configure:15789: result: yes
configure:15789: checking for unwind.h
configure:15789: result: yes
configure:15800: checking windows.h usability
configure:15800: g++ -c -g -O2  conftest.cpp >&5
conftest.cpp:67:21: fatal error: windows.h: No such file or directory
 #include <windows.h>
                     ^
compilation terminated.
configure:15800: $? = 1
configure: failed program was:
| /* confdefs.h */
| #define PACKAGE_NAME "glog"
| #define PACKAGE_TARNAME "glog"
| #define PACKAGE_VERSION "0.3.4"
| #define PACKAGE_STRING "glog 0.3.4"
| #define PACKAGE_BUGREPORT "opensource@google.com"
| #define PACKAGE_URL ""
| #define PACKAGE "glog"
| #define VERSION "0.3.4"
| #define HAVE_SYS_TYPES_H 1
| #define HAVE_SYS_STAT_H 1
| #define HAVE_STDLIB_H 1
| #define HAVE_STRING_H 1
| #define HAVE_MEMORY_H 1
| #define HAVE_STRINGS_H 1
| #define HAVE_INTTYPES_H 1
| #define HAVE_STDINT_H 1
| #define HAVE_UNISTD_H 1
| #define HAVE_DLFCN_H 1
| #define LT_OBJDIR ".libs/"
| #define HAVE_UNISTD_H 1
| #define HAVE_SYSCALL_H 1
| #define HAVE_SYS_SYSCALL_H 1
| #define HAVE_EXECINFO_H 1
| #define HAVE_LIBUNWIND_H 1
| #define HAVE_UCONTEXT_H 1
| #define HAVE_SYS_UTSNAME_H 1
| #define HAVE_PWD_H 1
| #define HAVE_SYSLOG_H 1
| #define HAVE_SYS_TIME_H 1
| #define HAVE_GLOB_H 1
| #define HAVE_UNWIND_H 1
| /* end confdefs.h.  */
| #include <stdio.h>
| #ifdef HAVE_SYS_TYPES_H
| # include <sys/types.h>
| #endif
| #ifdef HAVE_SYS_STAT_H
| # include <sys/stat.h>
| #endif
| #ifdef STDC_HEADERS
| # include <stdlib.h>
| # include <stddef.h>
| #else
| # ifdef HAVE_STDLIB_H
| #  include <stdlib.h>
| # endif
| #endif
| #ifdef HAVE_STRING_H
| # if !defined STDC_HEADERS && defined HAVE_MEMORY_H
| #  include <memory.h>
| # endif
| # include <string.h>
| #endif
| #ifdef HAVE_STRINGS_H
| # include <strings.h>
| #endif
| #ifdef HAVE_INTTYPES_H
| # include <inttypes.h>
| #endif
| #ifdef HAVE_STDINT_H
| # include <stdint.h>
| #endif
| #ifdef HAVE_UNISTD_H
| # include <unistd.h>
| #endif
| #include <windows.h>
configure:15800: result: no
configure:15800: checking windows.h presence
configure:15800: g++ -E  conftest.cpp
conftest.cpp:34:21: fatal error: windows.h: No such file or directory
 #include <windows.h>
                     ^
compilation terminated.
configure:15800: $? = 1
configure: failed program was:
| /* confdefs.h */
| #define PACKAGE_NAME "glog"
| #define PACKAGE_TARNAME "glog"
| #define PACKAGE_VERSION "0.3.4"
| #define PACKAGE_STRING "glog 0.3.4"
| #define PACKAGE_BUGREPORT "opensource@google.com"
| #define PACKAGE_URL ""
| #define PACKAGE "glog"
| #define VERSION "0.3.4"
| #define HAVE_SYS_TYPES_H 1
| #define HAVE_SYS_STAT_H 1
| #define HAVE_STDLIB_H 1
| #define HAVE_STRING_H 1
| #define HAVE_MEMORY_H 1
| #define HAVE_STRINGS_H 1
| #define HAVE_INTTYPES_H 1
| #define HAVE_STDINT_H 1
| #define HAVE_UNISTD_H 1
| #define HAVE_DLFCN_H 1
| #define LT_OBJDIR ".libs/"
| #define HAVE_UNISTD_H 1
| #define HAVE_SYSCALL_H 1
| #define HAVE_SYS_SYSCALL_H 1
| #define HAVE_EXECINFO_H 1
| #define HAVE_LIBUNWIND_H 1
| #define HAVE_UCONTEXT_H 1
| #define HAVE_SYS_UTSNAME_H 1
| #define HAVE_PWD_H 1
| #define HAVE_SYSLOG_H 1
| #define HAVE_SYS_TIME_H 1
| #define HAVE_GLOB_H 1
| #define HAVE_UNWIND_H 1
| /* end confdefs.h.  */
| #include <windows.h>
configure:15800: result: no
configure:15800: checking for windows.h
configure:15800: result: no
configure:15816: checking size of void *
configure:15821: g++ -o conftest -g -O2   conftest.cpp  >&5
configure:15821: $? = 0
configure:15821: ./conftest
configure:15821: $? = 0
configure:15835: result: 8
configure:15848: checking for uint16_t
configure:15848: g++ -c -g -O2  conftest.cpp >&5
configure:15848: $? = 0
configure:15848: g++ -c -g -O2  conftest.cpp >&5
conftest.cpp: In function 'int main()':
conftest.cpp:71:22: error: expected primary-expression before ')' token
 if (sizeof ((uint16_t)))
                      ^
configure:15848: $? = 1
configure: failed program was:
| /* confdefs.h */
| #define PACKAGE_NAME "glog"
| #define PACKAGE_TARNAME "glog"
| #define PACKAGE_VERSION "0.3.4"
| #define PACKAGE_STRING "glog 0.3.4"
| #define PACKAGE_BUGREPORT "opensource@google.com"
| #define PACKAGE_URL ""
| #define PACKAGE "glog"
| #define VERSION "0.3.4"
| #define HAVE_SYS_TYPES_H 1
| #define HAVE_SYS_STAT_H 1
| #define HAVE_STDLIB_H 1
| #define HAVE_STRING_H 1
| #define HAVE_MEMORY_H 1
| #define HAVE_STRINGS_H 1
| #define HAVE_INTTYPES_H 1
| #define HAVE_STDINT_H 1
| #define HAVE_UNISTD_H 1
| #define HAVE_DLFCN_H 1
| #define LT_OBJDIR ".libs/"
| #define HAVE_UNISTD_H 1
| #define HAVE_SYSCALL_H 1
| #define HAVE_SYS_SYSCALL_H 1
| #define HAVE_EXECINFO_H 1
| #define HAVE_LIBUNWIND_H 1
| #define HAVE_UCONTEXT_H 1
| #define HAVE_SYS_UTSNAME_H 1
| #define HAVE_PWD_H 1
| #define HAVE_SYSLOG_H 1
| #define HAVE_SYS_TIME_H 1
| #define HAVE_GLOB_H 1
| #define HAVE_UNWIND_H 1
| #define SIZEOF_VOID_P 8
| /* end confdefs.h.  */
| #include <stdio.h>
| #ifdef HAVE_SYS_TYPES_H
| # include <sys/types.h>
| #endif
| #ifdef HAVE_SYS_STAT_H
| # include <sys/stat.h>
| #endif
| #ifdef STDC_HEADERS
| # include <stdlib.h>
| # include <stddef.h>
| #else
| # ifdef HAVE_STDLIB_H
| #  include <stdlib.h>
| # endif
| #endif
| #ifdef HAVE_STRING_H
| # if !defined STDC_HEADERS && defined HAVE_MEMORY_H
| #  include <memory.h>
| # endif
| # include <string.h>
| #endif
| #ifdef HAVE_STRINGS_H
| # include <strings.h>
| #endif
| #ifdef HAVE_INTTYPES_H
| # include <inttypes.h>
| #endif
| #ifdef HAVE_STDINT_H
| # include <stdint.h>
| #endif
| #ifdef HAVE_UNISTD_H
| # include <unistd.h>
| #endif
| int
| main ()
| {
| if (sizeof ((uint16_t)))
| 	    return 0;
|   ;
|   return 0;
| }
configure:15848: result: yes
configure:15855: checking for u_int16_t
configure:15855: g++ -c -g -O2  conftest.cpp >&5
configure:15855: $? = 0
configure:15855: g++ -c -g -O2  conftest.cpp >&5
conftest.cpp: In function 'int main()':
conftest.cpp:71:23: error: expected primary-expression before ')' token
 if (sizeof ((u_int16_t)))
                       ^
configure:15855: $? = 1
configure: failed program was:
| /* confdefs.h */
| #define PACKAGE_NAME "glog"
| #define PACKAGE_TARNAME "glog"
| #define PACKAGE_VERSION "0.3.4"
| #define PACKAGE_STRING "glog 0.3.4"
| #define PACKAGE_BUGREPORT "opensource@google.com"
| #define PACKAGE_URL ""
| #define PACKAGE "glog"
| #define VERSION "0.3.4"
| #define HAVE_SYS_TYPES_H 1
| #define HAVE_SYS_STAT_H 1
| #define HAVE_STDLIB_H 1
| #define HAVE_STRING_H 1
| #define HAVE_MEMORY_H 1
| #define HAVE_STRINGS_H 1
| #define HAVE_INTTYPES_H 1
| #define HAVE_STDINT_H 1
| #define HAVE_UNISTD_H 1
| #define HAVE_DLFCN_H 1
| #define LT_OBJDIR ".libs/"
| #define HAVE_UNISTD_H 1
| #define HAVE_SYSCALL_H 1
| #define HAVE_SYS_SYSCALL_H 1
| #define HAVE_EXECINFO_H 1
| #define HAVE_LIBUNWIND_H 1
| #define HAVE_UCONTEXT_H 1
| #define HAVE_SYS_UTSNAME_H 1
| #define HAVE_PWD_H 1
| #define HAVE_SYSLOG_H 1
| #define HAVE_SYS_TIME_H 1
| #define HAVE_GLOB_H 1
| #define HAVE_UNWIND_H 1
| #define SIZEOF_VOID_P 8
| /* end confdefs.h.  */
| #include <stdio.h>
| #ifdef HAVE_SYS_TYPES_H
| # include <sys/types.h>
| #endif
| #ifdef HAVE_SYS_STAT_H
| # include <sys/stat.h>
| #endif
| #ifdef STDC_HEADERS
| # include <stdlib.h>
| # include <stddef.h>
| #else
| # ifdef HAVE_STDLIB_H
| #  include <stdlib.h>
| # endif
| #endif
| #ifdef HAVE_STRING_H
| # if !defined STDC_HEADERS && defined HAVE_MEMORY_H
| #  include <memory.h>
| # endif
| # include <string.h>
| #endif
| #ifdef HAVE_STRINGS_H
| # include <strings.h>
| #endif
| #ifdef HAVE_INTTYPES_H
| # include <inttypes.h>
| #endif
| #ifdef HAVE_STDINT_H
| # include <stdint.h>
| #endif
| #ifdef HAVE_UNISTD_H
| # include <unistd.h>
| #endif
| int
| main ()
| {
| if (sizeof ((u_int16_t)))
| 	    return 0;
|   ;
|   return 0;
| }
configure:15855: result: yes
configure:15862: checking for __uint16
configure:15862: g++ -c -g -O2  conftest.cpp >&5
conftest.cpp: In function 'int main()':
conftest.cpp:71:13: error: '__uint16' was not declared in this scope
 if (sizeof (__uint16))
             ^
configure:15862: $? = 1
configure: failed program was:
| /* confdefs.h */
| #define PACKAGE_NAME "glog"
| #define PACKAGE_TARNAME "glog"
| #define PACKAGE_VERSION "0.3.4"
| #define PACKAGE_STRING "glog 0.3.4"
| #define PACKAGE_BUGREPORT "opensource@google.com"
| #define PACKAGE_URL ""
| #define PACKAGE "glog"
| #define VERSION "0.3.4"
| #define HAVE_SYS_TYPES_H 1
| #define HAVE_SYS_STAT_H 1
| #define HAVE_STDLIB_H 1
| #define HAVE_STRING_H 1
| #define HAVE_MEMORY_H 1
| #define HAVE_STRINGS_H 1
| #define HAVE_INTTYPES_H 1
| #define HAVE_STDINT_H 1
| #define HAVE_UNISTD_H 1
| #define HAVE_DLFCN_H 1
| #define LT_OBJDIR ".libs/"
| #define HAVE_UNISTD_H 1
| #define HAVE_SYSCALL_H 1
| #define HAVE_SYS_SYSCALL_H 1
| #define HAVE_EXECINFO_H 1
| #define HAVE_LIBUNWIND_H 1
| #define HAVE_UCONTEXT_H 1
| #define HAVE_SYS_UTSNAME_H 1
| #define HAVE_PWD_H 1
| #define HAVE_SYSLOG_H 1
| #define HAVE_SYS_TIME_H 1
| #define HAVE_GLOB_H 1
| #define HAVE_UNWIND_H 1
| #define SIZEOF_VOID_P 8
| /* end confdefs.h.  */
| #include <stdio.h>
| #ifdef HAVE_SYS_TYPES_H
| # include <sys/types.h>
| #endif
| #ifdef HAVE_SYS_STAT_H
| # include <sys/stat.h>
| #endif
| #ifdef STDC_HEADERS
| # include <stdlib.h>
| # include <stddef.h>
| #else
| # ifdef HAVE_STDLIB_H
| #  include <stdlib.h>
| # endif
| #endif
| #ifdef HAVE_STRING_H
| # if !defined STDC_HEADERS && defined HAVE_MEMORY_H
| #  include <memory.h>
| # endif
| # include <string.h>
| #endif
| #ifdef HAVE_STRINGS_H
| # include <strings.h>
| #endif
| #ifdef HAVE_INTTYPES_H
| # include <inttypes.h>
| #endif
| #ifdef HAVE_STDINT_H
| # include <stdint.h>
| #endif
| #ifdef HAVE_UNISTD_H
| # include <unistd.h>
| #endif
| int
| main ()
| {
| if (sizeof (__uint16))
| 	 return 0;
|   ;
|   return 0;
| }
configure:15862: result: no
configure:15870: checking for sigaltstack
configure:15870: g++ -o conftest -g -O2   conftest.cpp  >&5
configure:15870: $? = 0
configure:15870: result: yes
configure:15877: checking for sigaction
configure:15877: g++ -o conftest -g -O2   conftest.cpp  >&5
configure:15877: $? = 0
configure:15877: result: yes
configure:15884: checking for dladdr
configure:15884: g++ -o conftest -g -O2   conftest.cpp  >&5
/tmp/cchUq9HT.o: In function `main':
/nx/work/toolchain/glog-0.3.4/conftest.cpp:71: undefined reference to `dladdr'
collect2: error: ld returned 1 exit status
configure:15884: $? = 1
configure: failed program was:
| /* confdefs.h */
| #define PACKAGE_NAME "glog"
| #define PACKAGE_TARNAME "glog"
| #define PACKAGE_VERSION "0.3.4"
| #define PACKAGE_STRING "glog 0.3.4"
| #define PACKAGE_BUGREPORT "opensource@google.com"
| #define PACKAGE_URL ""
| #define PACKAGE "glog"
| #define VERSION "0.3.4"
| #define HAVE_SYS_TYPES_H 1
| #define HAVE_SYS_STAT_H 1
| #define HAVE_STDLIB_H 1
| #define HAVE_STRING_H 1
| #define HAVE_MEMORY_H 1
| #define HAVE_STRINGS_H 1
| #define HAVE_INTTYPES_H 1
| #define HAVE_STDINT_H 1
| #define HAVE_UNISTD_H 1
| #define HAVE_DLFCN_H 1
| #define LT_OBJDIR ".libs/"
| #define HAVE_UNISTD_H 1
| #define HAVE_SYSCALL_H 1
| #define HAVE_SYS_SYSCALL_H 1
| #define HAVE_EXECINFO_H 1
| #define HAVE_LIBUNWIND_H 1
| #define HAVE_UCONTEXT_H 1
| #define HAVE_SYS_UTSNAME_H 1
| #define HAVE_PWD_H 1
| #define HAVE_SYSLOG_H 1
| #define HAVE_SYS_TIME_H 1
| #define HAVE_GLOB_H 1
| #define HAVE_UNWIND_H 1
| #define SIZEOF_VOID_P 8
| #define HAVE_SIGALTSTACK 1
| #define HAVE_SIGACTION 1
| /* end confdefs.h.  */
| /* Define dladdr to an innocuous variant, in case <limits.h> declares dladdr.
|    For example, HP-UX 11i <limits.h> declares gettimeofday.  */
| #define dladdr innocuous_dladdr
| 
| /* System header to define __stub macros and hopefully few prototypes,
|     which can conflict with char dladdr (); below.
|     Prefer <limits.h> to <assert.h> if __STDC__ is defined, since
|     <limits.h> exists even on freestanding compilers.  */
| 
| #ifdef __STDC__
| # include <limits.h>
| #else
| # include <assert.h>
| #endif
| 
| #undef dladdr
| 
| /* Override any GCC internal prototype to avoid an error.
|    Use char because int might match the return type of a GCC
|    builtin and then its argument prototype would still apply.  */
| #ifdef __cplusplus
| extern "C"
| #endif
| char dladdr ();
| /* The GNU C library defines this for functions which it implements
|     to always fail with ENOSYS.  Some functions are actually named
|     something starting with __ and the normal name is an alias.  */
| #if defined __stub_dladdr || defined __stub___dladdr
| choke me
| #endif
| 
| int
| main ()
| {
| return dladdr ();
|   ;
|   return 0;
| }
configure:15884: result: no
configure:15891: checking for fcntl
configure:15891: g++ -o conftest -g -O2   conftest.cpp  >&5
configure:15891: $? = 0
configure:15891: result: yes
configure:15898: checking for pread
configure:15898: g++ -o conftest -g -O2   conftest.cpp  >&5
configure:15898: $? = 0
configure:15898: result: yes
configure:15905: checking for pwrite
configure:15905: g++ -o conftest -g -O2   conftest.cpp  >&5
configure:15905: $? = 0
configure:15905: result: yes
configure:15914: checking for __attribute__
configure:15933: g++ -c -g -O2  conftest.cpp >&5
configure:15933: $? = 0
configure:15947: result: yes
configure:15962: checking for __builtin_expect
configure:15979: g++ -c -g -O2  conftest.cpp >&5
configure:15979: $? = 0
configure:15993: result: yes
configure:16003: checking for __sync_val_compare_and_swap
configure:16020: g++ -o conftest -g -O2   conftest.cpp  >&5
configure:16020: $? = 0
configure:16035: result: yes
configure:16059: g++ -c -g -O2  conftest.cpp >&5
configure:16059: $? = 0
configure:16267: checking for the pthreads library -lpthreads
configure:16300: gcc -o conftest -g -O2    conftest.c -lpthreads  >&5
/usr/bin/ld: cannot find -lpthreads
collect2: error: ld returned 1 exit status
configure:16300: $? = 1
configure: failed program was:
| /* confdefs.h */
| #define PACKAGE_NAME "glog"
| #define PACKAGE_TARNAME "glog"
| #define PACKAGE_VERSION "0.3.4"
| #define PACKAGE_STRING "glog 0.3.4"
| #define PACKAGE_BUGREPORT "opensource@google.com"
| #define PACKAGE_URL ""
| #define PACKAGE "glog"
| #define VERSION "0.3.4"
| #define HAVE_SYS_TYPES_H 1
| #define HAVE_SYS_STAT_H 1
| #define HAVE_STDLIB_H 1
| #define HAVE_STRING_H 1
| #define HAVE_MEMORY_H 1
| #define HAVE_STRINGS_H 1
| #define HAVE_INTTYPES_H 1
| #define HAVE_STDINT_H 1
| #define HAVE_UNISTD_H 1
| #define HAVE_DLFCN_H 1
| #define LT_OBJDIR ".libs/"
| #define HAVE_UNISTD_H 1
| #define HAVE_SYSCALL_H 1
| #define HAVE_SYS_SYSCALL_H 1
| #define HAVE_EXECINFO_H 1
| #define HAVE_LIBUNWIND_H 1
| #define HAVE_UCONTEXT_H 1
| #define HAVE_SYS_UTSNAME_H 1
| #define HAVE_PWD_H 1
| #define HAVE_SYSLOG_H 1
| #define HAVE_SYS_TIME_H 1
| #define HAVE_GLOB_H 1
| #define HAVE_UNWIND_H 1
| #define SIZEOF_VOID_P 8
| #define HAVE_SIGALTSTACK 1
| #define HAVE_SIGACTION 1
| #define HAVE_FCNTL 1
| #define HAVE_PREAD 1
| #define HAVE_PWRITE 1
| #define HAVE___ATTRIBUTE__ 1
| #define HAVE___BUILTIN_EXPECT 1
| #define HAVE___SYNC_VAL_COMPARE_AND_SWAP 1
| /* end confdefs.h.  */
| #include <pthread.h>
| int
| main ()
| {
| pthread_t th; pthread_join(th, 0);
|                      pthread_attr_init(0); pthread_cleanup_push(0, 0);
|                      pthread_create(0,0,0,0); pthread_cleanup_pop(0);
|   ;
|   return 0;
| }
configure:16309: result: no
configure:16212: checking whether pthreads work without any flags
configure:16300: gcc -o conftest -g -O2    conftest.c   >&5
/tmp/cctM79sl.o: In function `main':
/nx/work/toolchain/glog-0.3.4/conftest.c:47: undefined reference to `pthread_join'
/nx/work/toolchain/glog-0.3.4/conftest.c:48: undefined reference to `__pthread_register_cancel'
/nx/work/toolchain/glog-0.3.4/conftest.c:49: undefined reference to `pthread_create'
/nx/work/toolchain/glog-0.3.4/conftest.c:49: undefined reference to `__pthread_unregister_cancel'
collect2: error: ld returned 1 exit status
configure:16300: $? = 1
configure: failed program was:
| /* confdefs.h */
| #define PACKAGE_NAME "glog"
| #define PACKAGE_TARNAME "glog"
| #define PACKAGE_VERSION "0.3.4"
| #define PACKAGE_STRING "glog 0.3.4"
| #define PACKAGE_BUGREPORT "opensource@google.com"
| #define PACKAGE_URL ""
| #define PACKAGE "glog"
| #define VERSION "0.3.4"
| #define HAVE_SYS_TYPES_H 1
| #define HAVE_SYS_STAT_H 1
| #define HAVE_STDLIB_H 1
| #define HAVE_STRING_H 1
| #define HAVE_MEMORY_H 1
| #define HAVE_STRINGS_H 1
| #define HAVE_INTTYPES_H 1
| #define HAVE_STDINT_H 1
| #define HAVE_UNISTD_H 1
| #define HAVE_DLFCN_H 1
| #define LT_OBJDIR ".libs/"
| #define HAVE_UNISTD_H 1
| #define HAVE_SYSCALL_H 1
| #define HAVE_SYS_SYSCALL_H 1
| #define HAVE_EXECINFO_H 1
| #define HAVE_LIBUNWIND_H 1
| #define HAVE_UCONTEXT_H 1
| #define HAVE_SYS_UTSNAME_H 1
| #define HAVE_PWD_H 1
| #define HAVE_SYSLOG_H 1
| #define HAVE_SYS_TIME_H 1
| #define HAVE_GLOB_H 1
| #define HAVE_UNWIND_H 1
| #define SIZEOF_VOID_P 8
| #define HAVE_SIGALTSTACK 1
| #define HAVE_SIGACTION 1
| #define HAVE_FCNTL 1
| #define HAVE_PREAD 1
| #define HAVE_PWRITE 1
| #define HAVE___ATTRIBUTE__ 1
| #define HAVE___BUILTIN_EXPECT 1
| #define HAVE___SYNC_VAL_COMPARE_AND_SWAP 1
| /* end confdefs.h.  */
| #include <pthread.h>
| int
| main ()
| {
| pthread_t th; pthread_join(th, 0);
|                      pthread_attr_init(0); pthread_cleanup_push(0, 0);
|                      pthread_create(0,0,0,0); pthread_cleanup_pop(0);
|   ;
|   return 0;
| }
configure:16309: result: no
configure:16217: checking whether pthreads work with -Kthread
configure:16300: gcc -o conftest -g -O2 -Kthread   conftest.c   >&5
gcc: error: unrecognized command line option '-Kthread'
configure:16300: $? = 1
configure: failed program was:
| /* confdefs.h */
| #define PACKAGE_NAME "glog"
| #define PACKAGE_TARNAME "glog"
| #define PACKAGE_VERSION "0.3.4"
| #define PACKAGE_STRING "glog 0.3.4"
| #define PACKAGE_BUGREPORT "opensource@google.com"
| #define PACKAGE_URL ""
| #define PACKAGE "glog"
| #define VERSION "0.3.4"
| #define HAVE_SYS_TYPES_H 1
| #define HAVE_SYS_STAT_H 1
| #define HAVE_STDLIB_H 1
| #define HAVE_STRING_H 1
| #define HAVE_MEMORY_H 1
| #define HAVE_STRINGS_H 1
| #define HAVE_INTTYPES_H 1
| #define HAVE_STDINT_H 1
| #define HAVE_UNISTD_H 1
| #define HAVE_DLFCN_H 1
| #define LT_OBJDIR ".libs/"
| #define HAVE_UNISTD_H 1
| #define HAVE_SYSCALL_H 1
| #define HAVE_SYS_SYSCALL_H 1
| #define HAVE_EXECINFO_H 1
| #define HAVE_LIBUNWIND_H 1
| #define HAVE_UCONTEXT_H 1
| #define HAVE_SYS_UTSNAME_H 1
| #define HAVE_PWD_H 1
| #define HAVE_SYSLOG_H 1
| #define HAVE_SYS_TIME_H 1
| #define HAVE_GLOB_H 1
| #define HAVE_UNWIND_H 1
| #define SIZEOF_VOID_P 8
| #define HAVE_SIGALTSTACK 1
| #define HAVE_SIGACTION 1
| #define HAVE_FCNTL 1
| #define HAVE_PREAD 1
| #define HAVE_PWRITE 1
| #define HAVE___ATTRIBUTE__ 1
| #define HAVE___BUILTIN_EXPECT 1
| #define HAVE___SYNC_VAL_COMPARE_AND_SWAP 1
| /* end confdefs.h.  */
| #include <pthread.h>
| int
| main ()
| {
| pthread_t th; pthread_join(th, 0);
|                      pthread_attr_init(0); pthread_cleanup_push(0, 0);
|                      pthread_create(0,0,0,0); pthread_cleanup_pop(0);
|   ;
|   return 0;
| }
configure:16309: result: no
configure:16217: checking whether pthreads work with -kthread
configure:16300: gcc -o conftest -g -O2 -kthread   conftest.c   >&5
gcc: error: unrecognized command line option '-kthread'
configure:16300: $? = 1
configure: failed program was:
| /* confdefs.h */
| #define PACKAGE_NAME "glog"
| #define PACKAGE_TARNAME "glog"
| #define PACKAGE_VERSION "0.3.4"
| #define PACKAGE_STRING "glog 0.3.4"
| #define PACKAGE_BUGREPORT "opensource@google.com"
| #define PACKAGE_URL ""
| #define PACKAGE "glog"
| #define VERSION "0.3.4"
| #define HAVE_SYS_TYPES_H 1
| #define HAVE_SYS_STAT_H 1
| #define HAVE_STDLIB_H 1
| #define HAVE_STRING_H 1
| #define HAVE_MEMORY_H 1
| #define HAVE_STRINGS_H 1
| #define HAVE_INTTYPES_H 1
| #define HAVE_STDINT_H 1
| #define HAVE_UNISTD_H 1
| #define HAVE_DLFCN_H 1
| #define LT_OBJDIR ".libs/"
| #define HAVE_UNISTD_H 1
| #define HAVE_SYSCALL_H 1
| #define HAVE_SYS_SYSCALL_H 1
| #define HAVE_EXECINFO_H 1
| #define HAVE_LIBUNWIND_H 1
| #define HAVE_UCONTEXT_H 1
| #define HAVE_SYS_UTSNAME_H 1
| #define HAVE_PWD_H 1
| #define HAVE_SYSLOG_H 1
| #define HAVE_SYS_TIME_H 1
| #define HAVE_GLOB_H 1
| #define HAVE_UNWIND_H 1
| #define SIZEOF_VOID_P 8
| #define HAVE_SIGALTSTACK 1
| #define HAVE_SIGACTION 1
| #define HAVE_FCNTL 1
| #define HAVE_PREAD 1
| #define HAVE_PWRITE 1
| #define HAVE___ATTRIBUTE__ 1
| #define HAVE___BUILTIN_EXPECT 1
| #define HAVE___SYNC_VAL_COMPARE_AND_SWAP 1
| /* end confdefs.h.  */
| #include <pthread.h>
| int
| main ()
| {
| pthread_t th; pthread_join(th, 0);
|                      pthread_attr_init(0); pthread_cleanup_push(0, 0);
|                      pthread_create(0,0,0,0); pthread_cleanup_pop(0);
|   ;
|   return 0;
| }
configure:16309: result: no
configure:16267: checking for the pthreads library -llthread
configure:16300: gcc -o conftest -g -O2    conftest.c -llthread  >&5
/usr/bin/ld: cannot find -llthread
collect2: error: ld returned 1 exit status
configure:16300: $? = 1
configure: failed program was:
| /* confdefs.h */
| #define PACKAGE_NAME "glog"
| #define PACKAGE_TARNAME "glog"
| #define PACKAGE_VERSION "0.3.4"
| #define PACKAGE_STRING "glog 0.3.4"
| #define PACKAGE_BUGREPORT "opensource@google.com"
| #define PACKAGE_URL ""
| #define PACKAGE "glog"
| #define VERSION "0.3.4"
| #define HAVE_SYS_TYPES_H 1
| #define HAVE_SYS_STAT_H 1
| #define HAVE_STDLIB_H 1
| #define HAVE_STRING_H 1
| #define HAVE_MEMORY_H 1
| #define HAVE_STRINGS_H 1
| #define HAVE_INTTYPES_H 1
| #define HAVE_STDINT_H 1
| #define HAVE_UNISTD_H 1
| #define HAVE_DLFCN_H 1
| #define LT_OBJDIR ".libs/"
| #define HAVE_UNISTD_H 1
| #define HAVE_SYSCALL_H 1
| #define HAVE_SYS_SYSCALL_H 1
| #define HAVE_EXECINFO_H 1
| #define HAVE_LIBUNWIND_H 1
| #define HAVE_UCONTEXT_H 1
| #define HAVE_SYS_UTSNAME_H 1
| #define HAVE_PWD_H 1
| #define HAVE_SYSLOG_H 1
| #define HAVE_SYS_TIME_H 1
| #define HAVE_GLOB_H 1
| #define HAVE_UNWIND_H 1
| #define SIZEOF_VOID_P 8
| #define HAVE_SIGALTSTACK 1
| #define HAVE_SIGACTION 1
| #define HAVE_FCNTL 1
| #define HAVE_PREAD 1
| #define HAVE_PWRITE 1
| #define HAVE___ATTRIBUTE__ 1
| #define HAVE___BUILTIN_EXPECT 1
| #define HAVE___SYNC_VAL_COMPARE_AND_SWAP 1
| /* end confdefs.h.  */
| #include <pthread.h>
| int
| main ()
| {
| pthread_t th; pthread_join(th, 0);
|                      pthread_attr_init(0); pthread_cleanup_push(0, 0);
|                      pthread_create(0,0,0,0); pthread_cleanup_pop(0);
|   ;
|   return 0;
| }
configure:16309: result: no
configure:16217: checking whether pthreads work with -pthread
configure:16300: gcc -o conftest -g -O2 -pthread   conftest.c   >&5
configure:16300: $? = 0
configure:16309: result: yes
configure:16328: checking for joinable pthread attribute
configure:16343: gcc -o conftest -g -O2 -pthread   conftest.c   >&5
configure:16343: $? = 0
configure:16349: result: PTHREAD_CREATE_JOINABLE
configure:16359: checking if more special flags are required for pthreads
configure:16366: result: no
configure:16455: checking whether to check for GCC pthread/shared inconsistencies
configure:16468: gcc -o conftest -shared -fPIC -Wl,-z,defs -g -O2 -pthread   conftest.c   >&5
configure:16468: $? = 0
configure:16480: result: yes
configure:16486: checking whether -pthread is sufficient with -shared
configure:16501: gcc -o conftest -shared -fPIC -Wl,-z,defs -g -O2 -pthread   conftest.c   >&5
configure:16501: $? = 0
configure:16508: result: yes
configure:16627: checking for pthread_self in -lpthread
configure:16652: g++ -o conftest -g -O2   conftest.cpp -lpthread   >&5
configure:16652: $? = 0
configure:16661: result: yes
configure:16687: checking for main in -lgflags
configure:16706: g++ -o conftest -g -O2   conftest.cpp -lgflags  -lpthread  >&5
/usr/bin/ld: cannot find -lgflags
collect2: error: ld returned 1 exit status
configure:16706: $? = 1
configure: failed program was:
| /* confdefs.h */
| #define PACKAGE_NAME "glog"
| #define PACKAGE_TARNAME "glog"
| #define PACKAGE_VERSION "0.3.4"
| #define PACKAGE_STRING "glog 0.3.4"
| #define PACKAGE_BUGREPORT "opensource@google.com"
| #define PACKAGE_URL ""
| #define PACKAGE "glog"
| #define VERSION "0.3.4"
| #define HAVE_SYS_TYPES_H 1
| #define HAVE_SYS_STAT_H 1
| #define HAVE_STDLIB_H 1
| #define HAVE_STRING_H 1
| #define HAVE_MEMORY_H 1
| #define HAVE_STRINGS_H 1
| #define HAVE_INTTYPES_H 1
| #define HAVE_STDINT_H 1
| #define HAVE_UNISTD_H 1
| #define HAVE_DLFCN_H 1
| #define LT_OBJDIR ".libs/"
| #define HAVE_UNISTD_H 1
| #define HAVE_SYSCALL_H 1
| #define HAVE_SYS_SYSCALL_H 1
| #define HAVE_EXECINFO_H 1
| #define HAVE_LIBUNWIND_H 1
| #define HAVE_UCONTEXT_H 1
| #define HAVE_SYS_UTSNAME_H 1
| #define HAVE_PWD_H 1
| #define HAVE_SYSLOG_H 1
| #define HAVE_SYS_TIME_H 1
| #define HAVE_GLOB_H 1
| #define HAVE_UNWIND_H 1
| #define SIZEOF_VOID_P 8
| #define HAVE_SIGALTSTACK 1
| #define HAVE_SIGACTION 1
| #define HAVE_FCNTL 1
| #define HAVE_PREAD 1
| #define HAVE_PWRITE 1
| #define HAVE___ATTRIBUTE__ 1
| #define HAVE___BUILTIN_EXPECT 1
| #define HAVE___SYNC_VAL_COMPARE_AND_SWAP 1
| #define HAVE_PTHREAD 1
| #define HAVE_LIBPTHREAD 1
| /* end confdefs.h.  */
| 
| 
| int
| main ()
| {
| return main ();
|   ;
|   return 0;
| }
configure:16715: result: no
configure:16742: checking for gtest-config
configure:16772: result: no
configure:16777: checking for main in -lgtest
configure:16796: g++ -o conftest -g -O2   conftest.cpp -lgtest  -lpthread  >&5
/usr/bin/ld: cannot find -lgtest
collect2: error: ld returned 1 exit status
configure:16796: $? = 1
configure: failed program was:
| /* confdefs.h */
| #define PACKAGE_NAME "glog"
| #define PACKAGE_TARNAME "glog"
| #define PACKAGE_VERSION "0.3.4"
| #define PACKAGE_STRING "glog 0.3.4"
| #define PACKAGE_BUGREPORT "opensource@google.com"
| #define PACKAGE_URL ""
| #define PACKAGE "glog"
| #define VERSION "0.3.4"
| #define HAVE_SYS_TYPES_H 1
| #define HAVE_SYS_STAT_H 1
| #define HAVE_STDLIB_H 1
| #define HAVE_STRING_H 1
| #define HAVE_MEMORY_H 1
| #define HAVE_STRINGS_H 1
| #define HAVE_INTTYPES_H 1
| #define HAVE_STDINT_H 1
| #define HAVE_UNISTD_H 1
| #define HAVE_DLFCN_H 1
| #define LT_OBJDIR ".libs/"
| #define HAVE_UNISTD_H 1
| #define HAVE_SYSCALL_H 1
| #define HAVE_SYS_SYSCALL_H 1
| #define HAVE_EXECINFO_H 1
| #define HAVE_LIBUNWIND_H 1
| #define HAVE_UCONTEXT_H 1
| #define HAVE_SYS_UTSNAME_H 1
| #define HAVE_PWD_H 1
| #define HAVE_SYSLOG_H 1
| #define HAVE_SYS_TIME_H 1
| #define HAVE_GLOB_H 1
| #define HAVE_UNWIND_H 1
| #define SIZEOF_VOID_P 8
| #define HAVE_SIGALTSTACK 1
| #define HAVE_SIGACTION 1
| #define HAVE_FCNTL 1
| #define HAVE_PREAD 1
| #define HAVE_PWRITE 1
| #define HAVE___ATTRIBUTE__ 1
| #define HAVE___BUILTIN_EXPECT 1
| #define HAVE___SYNC_VAL_COMPARE_AND_SWAP 1
| #define HAVE_PTHREAD 1
| #define HAVE_LIBPTHREAD 1
| /* end confdefs.h.  */
| 
| 
| int
| main ()
| {
| return main ();
|   ;
|   return 0;
| }
configure:16805: result: no
configure:16887: checking for backtrace in -lunwind
configure:16912: g++ -o conftest -g -O2   conftest.cpp -lunwind  -lpthread  >&5
configure:16912: $? = 0
configure:16921: result: yes
configure:16938: checking support for pthread_rwlock_* functions
configure:16964: gcc -c -g -O2  conftest.c >&5
configure:16964: $? = 0
configure:16978: result: yes
configure:16989: checking whether the compiler implements namespaces
configure:17013: g++ -c -g -O2  conftest.cpp >&5
configure:17013: $? = 0
configure:17026: result: yes
configure:17033: checking what namespace STL code is in
configure:17057: g++ -c -g -O2  conftest.cpp >&5
conftest.cpp: In function 'int main()':
conftest.cpp:52:1: error: 'vector' was not declared in this scope
 vector<int> t; return 0;
 ^
conftest.cpp:52:1: note: suggested alternative:
In file included from /usr/include/c++/4.8.2/vector:64:0,
                 from conftest.cpp:48:
/usr/include/c++/4.8.2/bits/stl_vector.h:210:11: note:   'std::vector'
     class vector : protected _Vector_base<_Tp, _Alloc>
           ^
conftest.cpp:52:8: error: expected primary-expression before 'int'
 vector<int> t; return 0;
        ^
conftest.cpp:52:8: error: expected ';' before 'int'
configure:17057: $? = 1
configure: failed program was:
| /* confdefs.h */
| #define PACKAGE_NAME "glog"
| #define PACKAGE_TARNAME "glog"
| #define PACKAGE_VERSION "0.3.4"
| #define PACKAGE_STRING "glog 0.3.4"
| #define PACKAGE_BUGREPORT "opensource@google.com"
| #define PACKAGE_URL ""
| #define PACKAGE "glog"
| #define VERSION "0.3.4"
| #define HAVE_SYS_TYPES_H 1
| #define HAVE_SYS_STAT_H 1
| #define HAVE_STDLIB_H 1
| #define HAVE_STRING_H 1
| #define HAVE_MEMORY_H 1
| #define HAVE_STRINGS_H 1
| #define HAVE_INTTYPES_H 1
| #define HAVE_STDINT_H 1
| #define HAVE_UNISTD_H 1
| #define HAVE_DLFCN_H 1
| #define LT_OBJDIR ".libs/"
| #define HAVE_UNISTD_H 1
| #define HAVE_SYSCALL_H 1
| #define HAVE_SYS_SYSCALL_H 1
| #define HAVE_EXECINFO_H 1
| #define HAVE_LIBUNWIND_H 1
| #define HAVE_UCONTEXT_H 1
| #define HAVE_SYS_UTSNAME_H 1
| #define HAVE_PWD_H 1
| #define HAVE_SYSLOG_H 1
| #define HAVE_SYS_TIME_H 1
| #define HAVE_GLOB_H 1
| #define HAVE_UNWIND_H 1
| #define SIZEOF_VOID_P 8
| #define HAVE_SIGALTSTACK 1
| #define HAVE_SIGACTION 1
| #define HAVE_FCNTL 1
| #define HAVE_PREAD 1
| #define HAVE_PWRITE 1
| #define HAVE___ATTRIBUTE__ 1
| #define HAVE___BUILTIN_EXPECT 1
| #define HAVE___SYNC_VAL_COMPARE_AND_SWAP 1
| #define HAVE_PTHREAD 1
| #define HAVE_LIBPTHREAD 1
| #define HAVE_LIB_UNWIND 1
| #define HAVE_RWLOCK 1
| #define HAVE_NAMESPACES 1
| /* end confdefs.h.  */
| #include <vector>
| int
| main ()
| {
| vector<int> t; return 0;
|   ;
|   return 0;
| }
configure:17072: g++ -c -g -O2  conftest.cpp >&5
configure:17072: $? = 0
configure:17083: result: std
configure:17134: checking whether compiler supports using ::operator<<
configure:17158: g++ -c -g -O2  conftest.cpp >&5
configure:17158: $? = 0
configure:17171: result: 1
configure:17181: checking for ucontext.h
configure:17181: result: yes
configure:17193: checking sys/ucontext.h usability
configure:17193: g++ -c -g -O2  conftest.cpp >&5
configure:17193: $? = 0
configure:17193: result: yes
configure:17193: checking sys/ucontext.h presence
configure:17193: g++ -E  conftest.cpp
configure:17193: $? = 0
configure:17193: result: yes
configure:17193: checking for sys/ucontext.h
configure:17193: result: yes
configure:17203: checking how to access the program counter from a struct ucontext
configure:17238: g++ -c -g -O2  conftest.cpp >&5
conftest.cpp: In function 'int main()':
conftest.cpp:60:42: error: 'REG_PC' was not declared in this scope
 ucontext_t u; return u.uc_mcontext.gregs[REG_PC] == 0;
                                          ^
configure:17238: $? = 1
configure: failed program was:
| /* confdefs.h */
| #define PACKAGE_NAME "glog"
| #define PACKAGE_TARNAME "glog"
| #define PACKAGE_VERSION "0.3.4"
| #define PACKAGE_STRING "glog 0.3.4"
| #define PACKAGE_BUGREPORT "opensource@google.com"
| #define PACKAGE_URL ""
| #define PACKAGE "glog"
| #define VERSION "0.3.4"
| #define HAVE_SYS_TYPES_H 1
| #define HAVE_SYS_STAT_H 1
| #define HAVE_STDLIB_H 1
| #define HAVE_STRING_H 1
| #define HAVE_MEMORY_H 1
| #define HAVE_STRINGS_H 1
| #define HAVE_INTTYPES_H 1
| #define HAVE_STDINT_H 1
| #define HAVE_UNISTD_H 1
| #define HAVE_DLFCN_H 1
| #define LT_OBJDIR ".libs/"
| #define HAVE_UNISTD_H 1
| #define HAVE_SYSCALL_H 1
| #define HAVE_SYS_SYSCALL_H 1
| #define HAVE_EXECINFO_H 1
| #define HAVE_LIBUNWIND_H 1
| #define HAVE_UCONTEXT_H 1
| #define HAVE_SYS_UTSNAME_H 1
| #define HAVE_PWD_H 1
| #define HAVE_SYSLOG_H 1
| #define HAVE_SYS_TIME_H 1
| #define HAVE_GLOB_H 1
| #define HAVE_UNWIND_H 1
| #define SIZEOF_VOID_P 8
| #define HAVE_SIGALTSTACK 1
| #define HAVE_SIGACTION 1
| #define HAVE_FCNTL 1
| #define HAVE_PREAD 1
| #define HAVE_PWRITE 1
| #define HAVE___ATTRIBUTE__ 1
| #define HAVE___BUILTIN_EXPECT 1
| #define HAVE___SYNC_VAL_COMPARE_AND_SWAP 1
| #define HAVE_PTHREAD 1
| #define HAVE_LIBPTHREAD 1
| #define HAVE_LIB_UNWIND 1
| #define HAVE_RWLOCK 1
| #define HAVE_NAMESPACES 1
| #define STL_NAMESPACE std
| #define GOOGLE_NAMESPACE google
| #define _START_GOOGLE_NAMESPACE_ namespace google {
| #define _END_GOOGLE_NAMESPACE_ }
| #define HAVE_USING_OPERATOR 1
| #define HAVE_UCONTEXT_H 1
| #define HAVE_SYS_UCONTEXT_H 1
| /* end confdefs.h.  */
| #define _GNU_SOURCE 1
|                          #include <sys/ucontext.h>
| int
| main ()
| {
| ucontext_t u; return u.uc_mcontext.gregs[REG_PC] == 0;
|   ;
|   return 0;
| }
configure:17238: g++ -c -g -O2  conftest.cpp >&5
conftest.cpp: In function 'int main()':
conftest.cpp:60:42: error: 'REG_EIP' was not declared in this scope
 ucontext_t u; return u.uc_mcontext.gregs[REG_EIP] == 0;
                                          ^
configure:17238: $? = 1
configure: failed program was:
| /* confdefs.h */
| #define PACKAGE_NAME "glog"
| #define PACKAGE_TARNAME "glog"
| #define PACKAGE_VERSION "0.3.4"
| #define PACKAGE_STRING "glog 0.3.4"
| #define PACKAGE_BUGREPORT "opensource@google.com"
| #define PACKAGE_URL ""
| #define PACKAGE "glog"
| #define VERSION "0.3.4"
| #define HAVE_SYS_TYPES_H 1
| #define HAVE_SYS_STAT_H 1
| #define HAVE_STDLIB_H 1
| #define HAVE_STRING_H 1
| #define HAVE_MEMORY_H 1
| #define HAVE_STRINGS_H 1
| #define HAVE_INTTYPES_H 1
| #define HAVE_STDINT_H 1
| #define HAVE_UNISTD_H 1
| #define HAVE_DLFCN_H 1
| #define LT_OBJDIR ".libs/"
| #define HAVE_UNISTD_H 1
| #define HAVE_SYSCALL_H 1
| #define HAVE_SYS_SYSCALL_H 1
| #define HAVE_EXECINFO_H 1
| #define HAVE_LIBUNWIND_H 1
| #define HAVE_UCONTEXT_H 1
| #define HAVE_SYS_UTSNAME_H 1
| #define HAVE_PWD_H 1
| #define HAVE_SYSLOG_H 1
| #define HAVE_SYS_TIME_H 1
| #define HAVE_GLOB_H 1
| #define HAVE_UNWIND_H 1
| #define SIZEOF_VOID_P 8
| #define HAVE_SIGALTSTACK 1
| #define HAVE_SIGACTION 1
| #define HAVE_FCNTL 1
| #define HAVE_PREAD 1
| #define HAVE_PWRITE 1
| #define HAVE___ATTRIBUTE__ 1
| #define HAVE___BUILTIN_EXPECT 1
| #define HAVE___SYNC_VAL_COMPARE_AND_SWAP 1
| #define HAVE_PTHREAD 1
| #define HAVE_LIBPTHREAD 1
| #define HAVE_LIB_UNWIND 1
| #define HAVE_RWLOCK 1
| #define HAVE_NAMESPACES 1
| #define STL_NAMESPACE std
| #define GOOGLE_NAMESPACE google
| #define _START_GOOGLE_NAMESPACE_ namespace google {
| #define _END_GOOGLE_NAMESPACE_ }
| #define HAVE_USING_OPERATOR 1
| #define HAVE_UCONTEXT_H 1
| #define HAVE_SYS_UCONTEXT_H 1
| /* end confdefs.h.  */
| #define _GNU_SOURCE 1
|                          #include <sys/ucontext.h>
| int
| main ()
| {
| ucontext_t u; return u.uc_mcontext.gregs[REG_EIP] == 0;
|   ;
|   return 0;
| }
configure:17238: g++ -c -g -O2  conftest.cpp >&5
configure:17238: $? = 0
configure:17244: result: uc_mcontext.gregs[REG_RIP]
configure:17455: checking that generated files are newer than configure
configure:17461: result: done
configure:17508: creating ./config.status

## ---------------------- ##
## Running config.status. ##
## ---------------------- ##

This file was extended by glog config.status 0.3.4, which was
generated by GNU Autoconf 2.69.  Invocation command line was

  CONFIG_FILES    = 
  CONFIG_HEADERS  = 
  CONFIG_LINKS    = 
  CONFIG_COMMANDS = 
  $ ./config.status 

on localhost.localdomain

config.status:1223: creating Makefile
config.status:1223: creating src/glog/logging.h
config.status:1223: creating src/glog/raw_logging.h
config.status:1223: creating src/glog/vlog_is_on.h
config.status:1223: creating src/glog/stl_logging.h
config.status:1223: creating libglog.pc
config.status:1223: creating src/config.h
config.status:1452: executing depfiles commands
config.status:1452: executing libtool commands

## ---------------- ##
## Cache variables. ##
## ---------------- ##

ac_cv___attribute__=yes
ac_cv___attribute___noinline='__attribute__ ((noinline))'
ac_cv___attribute___noreturn='__attribute__ ((noreturn))'
ac_cv___attribute___printf_4_5='__attribute__((__format__ (__printf__, 4, 5)))'
ac_cv___builtin_expect=yes
ac_cv___sync_val_compare_and_swap=yes
ac_cv_build=x86_64-unknown-linux-gnu
ac_cv_c_compiler_gnu=yes
ac_cv_cxx_compiler_gnu=yes
ac_cv_cxx_namespaces=yes
ac_cv_cxx_stl_namespace=std
ac_cv_cxx_using_operator=1
ac_cv_env_CCC_set=
ac_cv_env_CCC_value=
ac_cv_env_CC_set=set
ac_cv_env_CC_value=gcc
ac_cv_env_CFLAGS_set=
ac_cv_env_CFLAGS_value=
ac_cv_env_CPPFLAGS_set=
ac_cv_env_CPPFLAGS_value=
ac_cv_env_CPP_set=
ac_cv_env_CPP_value=
ac_cv_env_CXXCPP_set=
ac_cv_env_CXXCPP_value=
ac_cv_env_CXXFLAGS_set=
ac_cv_env_CXXFLAGS_value=
ac_cv_env_CXX_set=set
ac_cv_env_CXX_value=g++
ac_cv_env_LDFLAGS_set=
ac_cv_env_LDFLAGS_value=
ac_cv_env_LIBS_set=
ac_cv_env_LIBS_value=
ac_cv_env_build_alias_set=
ac_cv_env_build_alias_value=
ac_cv_env_host_alias_set=
ac_cv_env_host_alias_value=
ac_cv_env_target_alias_set=
ac_cv_env_target_alias_value=
ac_cv_func_dladdr=no
ac_cv_func_fcntl=yes
ac_cv_func_pread=yes
ac_cv_func_pwrite=yes
ac_cv_func_sigaction=yes
ac_cv_func_sigaltstack=yes
ac_cv_have___builtin_expect=1
ac_cv_have___uint16=0
ac_cv_have_inttypes_h=1
ac_cv_have_libgflags=0
ac_cv_have_libunwind_h=1
ac_cv_have_stdint_h=1
ac_cv_have_systypes_h=1
ac_cv_have_u_int16_t=1
ac_cv_have_uint16_t=1
ac_cv_have_unistd_h=1
ac_cv_have_windows_h=0
ac_cv_header_dlfcn_h=yes
ac_cv_header_execinfo_h=yes
ac_cv_header_glob_h=yes
ac_cv_header_inttypes_h=yes
ac_cv_header_libunwind_h=yes
ac_cv_header_memory_h=yes
ac_cv_header_pwd_h=yes
ac_cv_header_stdc=no
ac_cv_header_stdint_h=yes
ac_cv_header_stdlib_h=yes
ac_cv_header_string_h=yes
ac_cv_header_strings_h=yes
ac_cv_header_sys_stat_h=yes
ac_cv_header_sys_syscall_h=yes
ac_cv_header_sys_time_h=yes
ac_cv_header_sys_types_h=yes
ac_cv_header_sys_ucontext_h=yes
ac_cv_header_sys_utsname_h=yes
ac_cv_header_syscall_h=yes
ac_cv_header_syslog_h=yes
ac_cv_header_ucontext_h=yes
ac_cv_header_unistd_h=yes
ac_cv_header_unwind_h=yes
ac_cv_header_windows_h=no
ac_cv_host=x86_64-unknown-linux-gnu
ac_cv_lib_gflags_main=no
ac_cv_lib_gtest_main=no
ac_cv_lib_pthread_pthread_self=yes
ac_cv_lib_unwind_backtrace=yes
ac_cv_objext=o
ac_cv_path_EGREP='/usr/bin/grep -E'
ac_cv_path_FGREP='/usr/bin/grep -F'
ac_cv_path_GREP=/usr/bin/grep
ac_cv_path_SED=/usr/bin/sed
ac_cv_path_install='/usr/bin/install -c'
ac_cv_path_mkdir=/usr/bin/mkdir
ac_cv_prog_AWK=gawk
ac_cv_prog_CPP='gcc -E'
ac_cv_prog_CXXCPP='g++ -E'
ac_cv_prog_ac_ct_AR=ar
ac_cv_prog_ac_ct_CC=gcc
ac_cv_prog_ac_ct_OBJDUMP=objdump
ac_cv_prog_ac_ct_RANLIB=ranlib
ac_cv_prog_ac_ct_STRIP=strip
ac_cv_prog_cc_c89=
ac_cv_prog_cc_g=yes
ac_cv_prog_cxx_g=yes
ac_cv_prog_make_make_set=yes
ac_cv_rwlock=yes
ac_cv_sizeof_void_p=8
ac_cv_type___uint16=no
ac_cv_type_u_int16_t=yes
ac_cv_type_uint16_t=yes
am_cv_CC_dependencies_compiler_type=gcc3
am_cv_CXX_dependencies_compiler_type=gcc3
am_cv_make_support_nested_variables=yes
lt_cv_ar_at_file=@
lt_cv_archive_cmds_need_lc=no
lt_cv_deplibs_check_method=pass_all
lt_cv_file_magic_cmd='$MAGIC_CMD'
lt_cv_file_magic_test_file=
lt_cv_ld_reload_flag=-r
lt_cv_nm_interface='BSD nm'
lt_cv_objdir=.libs
lt_cv_path_LD=/usr/bin/ld
lt_cv_path_LDCXX='/usr/bin/ld -m elf_x86_64'
lt_cv_path_NM='/usr/bin/nm -B'
lt_cv_path_mainfest_tool=no
lt_cv_prog_compiler_c_o=yes
lt_cv_prog_compiler_c_o_CXX=yes
lt_cv_prog_compiler_pic='-fPIC -DPIC'
lt_cv_prog_compiler_pic_CXX='-fPIC -DPIC'
lt_cv_prog_compiler_pic_works=yes
lt_cv_prog_compiler_pic_works_CXX=yes
lt_cv_prog_compiler_rtti_exceptions=no
lt_cv_prog_compiler_static_works=no
lt_cv_prog_compiler_static_works_CXX=no
lt_cv_prog_gnu_ld=yes
lt_cv_prog_gnu_ldcxx=yes
lt_cv_sharedlib_from_linklib_cmd='printf %s\n'
lt_cv_shlibpath_overrides_runpath=no
lt_cv_sys_global_symbol_pipe='sed -n -e '\''s/^.*[	 ]\([ABCDGIRSTW][ABCDGIRSTW]*\)[	 ][	 ]*\([_A-Za-z][_A-Za-z0-9]*\)$/\1 \2 \2/p'\'' | sed '\''/ __gnu_lto/d'\'''
lt_cv_sys_global_symbol_to_c_name_address='sed -n -e '\''s/^: \([^ ]*\)[ ]*$/  {\"\1\", (void *) 0},/p'\'' -e '\''s/^[ABCDGIRSTW]* \([^ ]*\) \([^ ]*\)$/  {"\2", (void *) \&\2},/p'\'''
lt_cv_sys_global_symbol_to_c_name_address_lib_prefix='sed -n -e '\''s/^: \([^ ]*\)[ ]*$/  {\"\1\", (void *) 0},/p'\'' -e '\''s/^[ABCDGIRSTW]* \([^ ]*\) \(lib[^ ]*\)$/  {"\2", (void *) \&\2},/p'\'' -e '\''s/^[ABCDGIRSTW]* \([^ ]*\) \([^ ]*\)$/  {"lib\2", (void *) \&\2},/p'\'''
lt_cv_sys_global_symbol_to_cdecl='sed -n -e '\''s/^T .* \(.*\)$/extern int \1();/p'\'' -e '\''s/^[ABCDGIRSTW]* .* \(.*\)$/extern char \1;/p'\'''
lt_cv_sys_max_cmd_len=1572864
lt_cv_to_host_file_cmd=func_convert_file_noop
lt_cv_to_tool_file_cmd=func_convert_file_noop

## ----------------- ##
## Output variables. ##
## ----------------- ##

ACLOCAL='aclocal-1.13'
AMDEPBACKSLASH='\'
AMDEP_FALSE='#'
AMDEP_TRUE=''
AMTAR='$${TAR-tar}'
AM_BACKSLASH='\'
AM_DEFAULT_V='$(AM_DEFAULT_VERBOSITY)'
AM_DEFAULT_VERBOSITY='1'
AM_V='$(V)'
AR='ar'
AUTOCONF='autoconf'
AUTOHEADER='autoheader'
AUTOMAKE='automake-1.13'
AWK='gawk'
CC='gcc'
CCDEPMODE='depmode=gcc3'
CFLAGS='-g -O2'
CPP='gcc -E'
CPPFLAGS=''
CXX='g++'
CXXCPP='g++ -E'
CXXDEPMODE='depmode=gcc3'
CXXFLAGS='-g -O2'
CYGPATH_W='echo'
DEFS='-DHAVE_CONFIG_H'
DEPDIR='.deps'
DISABLE_RTTI_FALSE=''
DISABLE_RTTI_TRUE='#'
DLLTOOL='false'
DSYMUTIL=''
DUMPBIN=''
ECHO_C=''
ECHO_N='-n'
ECHO_T=''
EGREP='/usr/bin/grep -E'
ENABLE_FRAME_POINTERS_FALSE=''
ENABLE_FRAME_POINTERS_TRUE='#'
EXEEXT=''
FGREP='/usr/bin/grep -F'
GCC_FALSE='#'
GCC_TRUE=''
GFLAGS_CFLAGS=''
GFLAGS_LIBS=''
GMOCK_CFLAGS=''
GMOCK_CONFIG=''
GMOCK_LIBS=''
GREP='/usr/bin/grep'
GTEST_CFLAGS=''
GTEST_CONFIG=''
GTEST_LIBS=''
HAVE_GMOCK_FALSE=''
HAVE_GMOCK_TRUE='#'
INSTALL_DATA='${INSTALL} -m 644'
INSTALL_PROGRAM='${INSTALL}'
INSTALL_SCRIPT='${INSTALL}'
INSTALL_STRIP_PROGRAM='$(install_sh) -c -s'
LD='/usr/bin/ld -m elf_x86_64'
LDFLAGS=''
LIBOBJS=''
LIBS='-lpthread '
LIBTOOL='$(SHELL) $(top_builddir)/libtool'
LIBTOOL_DEPS='./ltmain.sh'
LIPO=''
LN_S='ln -s'
LTLIBOBJS=''
MAKEINFO='makeinfo'
MANIFEST_TOOL=':'
MINGW_CFLAGS=''
MKDIR_P='/usr/bin/mkdir -p'
NM='/usr/bin/nm -B'
NMEDIT=''
OBJDUMP='objdump'
OBJEXT='o'
OTOOL64=''
OTOOL=''
PACKAGE='glog'
PACKAGE_BUGREPORT='opensource@google.com'
PACKAGE_NAME='glog'
PACKAGE_STRING='glog 0.3.4'
PACKAGE_TARNAME='glog'
PACKAGE_URL=''
PACKAGE_VERSION='0.3.4'
PATH_SEPARATOR=':'
PTHREAD_CC='gcc'
PTHREAD_CFLAGS='-pthread'
PTHREAD_LIBS=''
RANLIB='ranlib'
SED='/usr/bin/sed'
SET_MAKE=''
SHELL='/bin/sh'
STRIP='strip'
UNWIND_LIBS='-lunwind'
VERSION='0.3.4'
X86_64_FALSE='#'
X86_64_TRUE=''
ac_ct_AR='ar'
ac_ct_CC='gcc'
ac_ct_CXX=''
ac_ct_DUMPBIN=''
ac_cv___attribute___noinline='__attribute__ ((noinline))'
ac_cv___attribute___noreturn='__attribute__ ((noreturn))'
ac_cv___attribute___printf_4_5='__attribute__((__format__ (__printf__, 4, 5)))'
ac_cv_cxx_using_operator='1'
ac_cv_have___builtin_expect='1'
ac_cv_have___uint16='0'
ac_cv_have_inttypes_h='1'
ac_cv_have_libgflags='0'
ac_cv_have_stdint_h='1'
ac_cv_have_systypes_h='1'
ac_cv_have_u_int16_t='1'
ac_cv_have_uint16_t='1'
ac_cv_have_unistd_h='1'
ac_google_end_namespace='}'
ac_google_namespace='google'
ac_google_start_namespace='namespace google {'
acx_pthread_config=''
am__EXEEXT_FALSE=''
am__EXEEXT_TRUE='#'
am__fastdepCC_FALSE='#'
am__fastdepCC_TRUE=''
am__fastdepCXX_FALSE='#'
am__fastdepCXX_TRUE=''
am__include='include'
am__isrc=''
am__leading_dot='.'
am__nodep='_no'
am__quote=''
am__tar='$${TAR-tar} chof - "$$tardir"'
am__untar='$${TAR-tar} xf -'
bindir='${exec_prefix}/bin'
build='x86_64-unknown-linux-gnu'
build_alias=''
build_cpu='x86_64'
build_os='linux-gnu'
build_vendor='unknown'
datadir='${datarootdir}'
datarootdir='${prefix}/share'
docdir='${datarootdir}/doc/${PACKAGE_TARNAME}'
dvidir='${docdir}'
exec_prefix='${prefix}'
host='x86_64-unknown-linux-gnu'
host_alias=''
host_cpu='x86_64'
host_os='linux-gnu'
host_vendor='unknown'
htmldir='${docdir}'
includedir='${prefix}/include'
infodir='${datarootdir}/info'
install_sh='${SHELL} /nx/work/toolchain/glog-0.3.4/install-sh'
libdir='${exec_prefix}/lib'
libexecdir='${exec_prefix}/libexec'
localedir='${datarootdir}/locale'
localstatedir='${prefix}/var'
mandir='${datarootdir}/man'
mkdir_p='$(MKDIR_P)'
oldincludedir='/usr/include'
pdfdir='${docdir}'
prefix='/nx/work/toolchain/installed'
program_transform_name='s,x,x,'
psdir='${docdir}'
sbindir='${exec_prefix}/sbin'
sharedstatedir='${prefix}/com'
sysconfdir='${prefix}/etc'
target_alias=''

## ----------- ##
## confdefs.h. ##
## ----------- ##

/* confdefs.h */
#define PACKAGE_NAME "glog"
#define PACKAGE_TARNAME "glog"
#define PACKAGE_VERSION "0.3.4"
#define PACKAGE_STRING "glog 0.3.4"
#define PACKAGE_BUGREPORT "opensource@google.com"
#define PACKAGE_URL ""
#define PACKAGE "glog"
#define VERSION "0.3.4"
#define HAVE_SYS_TYPES_H 1
#define HAVE_SYS_STAT_H 1
#define HAVE_STDLIB_H 1
#define HAVE_STRING_H 1
#define HAVE_MEMORY_H 1
#define HAVE_STRINGS_H 1
#define HAVE_INTTYPES_H 1
#define HAVE_STDINT_H 1
#define HAVE_UNISTD_H 1
#define HAVE_DLFCN_H 1
#define LT_OBJDIR ".libs/"
#define HAVE_UNISTD_H 1
#define HAVE_SYSCALL_H 1
#define HAVE_SYS_SYSCALL_H 1
#define HAVE_EXECINFO_H 1
#define HAVE_LIBUNWIND_H 1
#define HAVE_UCONTEXT_H 1
#define HAVE_SYS_UTSNAME_H 1
#define HAVE_PWD_H 1
#define HAVE_SYSLOG_H 1
#define HAVE_SYS_TIME_H 1
#define HAVE_GLOB_H 1
#define HAVE_UNWIND_H 1
#define SIZEOF_VOID_P 8
#define HAVE_SIGALTSTACK 1
#define HAVE_SIGACTION 1
#define HAVE_FCNTL 1
#define HAVE_PREAD 1
#define HAVE_PWRITE 1
#define HAVE___ATTRIBUTE__ 1
#define HAVE___BUILTIN_EXPECT 1
#define HAVE___SYNC_VAL_COMPARE_AND_SWAP 1
#define HAVE_PTHREAD 1
#define HAVE_LIBPTHREAD 1
#define HAVE_LIB_UNWIND 1
#define HAVE_RWLOCK 1
#define HAVE_NAMESPACES 1
#define STL_NAMESPACE std
#define GOOGLE_NAMESPACE google
#define _START_GOOGLE_NAMESPACE_ namespace google {
#define _END_GOOGLE_NAMESPACE_ }
#define HAVE_USING_OPERATOR 1
#define HAVE_UCONTEXT_H 1
#define HAVE_SYS_UCONTEXT_H 1
#define PC_FROM_UCONTEXT uc_mcontext.gregs[REG_RIP]
#define TEST_SRC_DIR "."

configure: exit 0
