This file contains any messages produced by compilers while
running configure, to aid debugging if configure makes a mistake.

It was created by Protocol Buffers configure 2.6.1, which was
generated by GNU Autoconf 2.69.  Invocation command line was

  $ ./configure --prefix=/nx/work/toolchain/installed

## --------- ##
## Platform. ##
## --------- ##

hostname = Fengs-MacBook-Pro.local
uname -m = x86_64
uname -r = 14.1.0
uname -s = Darwin
uname -v = Darwin Kernel Version 14.1.0: Thu Feb 26 19:26:47 PST 2015; root:xnu-2782.10.73~1/RELEASE_X86_64

/usr/bin/uname -p = i386
/bin/uname -X     = unknown

/bin/arch              = unknown
/usr/bin/arch -k       = unknown
/usr/convex/getsysinfo = unknown
/usr/bin/hostinfo      = Mach kernel version:
	 Darwin Kernel Version 14.1.0: Thu Feb 26 19:26:47 PST 2015; root:xnu-2782.10.73~1/RELEASE_X86_64
Kernel configured for up to 4 processors.
2 processors are physically available.
4 processors are logically available.
Processor type: x86_64h (Intel x86-64h Haswell)
Processors active: 0 1 2 3
Primary memory available: 8.00 gigabytes
Default processor set: 235 tasks, 1249 threads, 4 processors
Load average: 2.84, Mach factor: 1.15
/bin/machine           = unknown
/usr/bin/oslevel       = unknown
/bin/universe          = unknown

PATH: /nx/dbg/bin
PATH: /opt/local/bin
PATH: /opt/local/sbin
PATH: /usr/local/bin
PATH: /usr/bin
PATH: /bin
PATH: /usr/sbin
PATH: /sbin
PATH: /opt/local/bin
PATH: /opt/local/sbin
PATH: /nx/work/vitessedata.ql/toolchain/installed/bin
PATH: /Users/ftian/software/scala-2.11.6/bin
PATH: /Users/ftian/software/bin
PATH: /Users/ftian/software/bin
PATH: /opt/llvm-release+assert/bin


## ----------- ##
## Core tests. ##
## ----------- ##

configure:2483: checking whether to enable maintainer-specific portions of Makefiles
configure:2492: result: yes
configure:2553: checking build system type
configure:2567: result: x86_64-apple-darwin14.1.0
configure:2587: checking host system type
configure:2600: result: x86_64-apple-darwin14.1.0
configure:2620: checking target system type
configure:2633: result: x86_64-apple-darwin14.1.0
configure:2676: checking for a BSD-compatible install
configure:2744: result: /usr/bin/install -c
configure:2755: checking whether build environment is sane
configure:2810: result: yes
configure:2961: checking for a thread-safe mkdir -p
configure:3000: result: ./install-sh -c -d
configure:3007: checking for gawk
configure:3037: result: no
configure:3007: checking for mawk
configure:3037: result: no
configure:3007: checking for nawk
configure:3037: result: no
configure:3007: checking for awk
configure:3023: found /usr/bin/awk
configure:3034: result: awk
configure:3045: checking whether make sets $(MAKE)
configure:3067: result: yes
configure:3096: checking whether make supports nested variables
configure:3113: result: yes
configure:3307: checking for gcc
configure:3334: result: clang
configure:3563: checking for C compiler version
configure:3572: clang --version >&5
Apple LLVM version 6.0 (clang-600.0.57) (based on LLVM 3.5svn)
Target: x86_64-apple-darwin14.1.0
Thread model: posix
configure:3583: $? = 0
configure:3572: clang -v >&5
Apple LLVM version 6.0 (clang-600.0.57) (based on LLVM 3.5svn)
Target: x86_64-apple-darwin14.1.0
Thread model: posix
configure:3583: $? = 0
configure:3572: clang -V >&5
clang: error: argument to '-V' is missing (expected 1 value)
clang: error: no input files
configure:3583: $? = 1
configure:3572: clang -qversion >&5
clang: error: unknown argument: '-qversion'
clang: error: no input files
configure:3583: $? = 1
configure:3603: checking whether the C compiler works
configure:3625: clang    conftest.c  >&5
configure:3629: $? = 0
configure:3677: result: yes
configure:3680: checking for C compiler default output file name
configure:3682: result: a.out
configure:3688: checking for suffix of executables
configure:3695: clang -o conftest    conftest.c  >&5
configure:3699: $? = 0
configure:3721: result: 
configure:3743: checking whether we are cross compiling
configure:3751: clang -o conftest    conftest.c  >&5
configure:3755: $? = 0
configure:3762: ./conftest
configure:3766: $? = 0
configure:3781: result: no
configure:3786: checking for suffix of object files
configure:3808: clang -c   conftest.c >&5
configure:3812: $? = 0
configure:3833: result: o
configure:3837: checking whether we are using the GNU C compiler
configure:3856: clang -c   conftest.c >&5
configure:3856: $? = 0
configure:3865: result: yes
configure:3874: checking whether clang accepts -g
configure:3894: clang -c -g  conftest.c >&5
configure:3894: $? = 0
configure:3935: result: yes
configure:3952: checking for clang option to accept ISO C89
configure:4015: clang  -c   conftest.c >&5
configure:4015: $? = 0
configure:4028: result: none needed
configure:4053: checking whether clang understands -c and -o together
configure:4075: clang -c conftest.c -o conftest2.o
configure:4078: $? = 0
configure:4075: clang -c conftest.c -o conftest2.o
configure:4078: $? = 0
configure:4090: result: yes
configure:4118: checking for style of include used by make
configure:4146: result: GNU
configure:4172: checking dependency style of clang
configure:4283: result: gcc3
configure:4410: checking for C++ compiler version
configure:4419: clang++ --version >&5
Apple LLVM version 6.0 (clang-600.0.57) (based on LLVM 3.5svn)
Target: x86_64-apple-darwin14.1.0
Thread model: posix
configure:4430: $? = 0
configure:4419: clang++ -v >&5
Apple LLVM version 6.0 (clang-600.0.57) (based on LLVM 3.5svn)
Target: x86_64-apple-darwin14.1.0
Thread model: posix
configure:4430: $? = 0
configure:4419: clang++ -V >&5
clang: error: argument to '-V' is missing (expected 1 value)
clang: error: no input files
configure:4430: $? = 1
configure:4419: clang++ -qversion >&5
clang: error: unknown argument: '-qversion'
clang: error: no input files
configure:4430: $? = 1
configure:4434: checking whether we are using the GNU C++ compiler
configure:4453: clang++ -c   conftest.cpp >&5
configure:4453: $? = 0
configure:4462: result: yes
configure:4471: checking whether clang++ accepts -g
configure:4491: clang++ -c -g  conftest.cpp >&5
configure:4491: $? = 0
configure:4532: result: yes
configure:4557: checking dependency style of clang++
configure:4668: result: gcc3
configure:4695: checking how to run the C++ preprocessor
configure:4722: clang++ -E  conftest.cpp
configure:4722: $? = 0
configure:4736: clang++ -E  conftest.cpp
conftest.cpp:11:10: fatal error: 'ac_nonexistent.h' file not found
#include <ac_nonexistent.h>
         ^
1 error generated.
configure:4736: $? = 1
configure: failed program was:
| /* confdefs.h */
| #define PACKAGE_NAME "Protocol Buffers"
| #define PACKAGE_TARNAME "protobuf"
| #define PACKAGE_VERSION "2.6.1"
| #define PACKAGE_STRING "Protocol Buffers 2.6.1"
| #define PACKAGE_BUGREPORT "protobuf@googlegroups.com"
| #define PACKAGE_URL ""
| #define PACKAGE "protobuf"
| #define VERSION "2.6.1"
| /* end confdefs.h.  */
| #include <ac_nonexistent.h>
configure:4761: result: clang++ -E
configure:4781: clang++ -E  conftest.cpp
configure:4781: $? = 0
configure:4795: clang++ -E  conftest.cpp
conftest.cpp:11:10: fatal error: 'ac_nonexistent.h' file not found
#include <ac_nonexistent.h>
         ^
1 error generated.
configure:4795: $? = 1
configure: failed program was:
| /* confdefs.h */
| #define PACKAGE_NAME "Protocol Buffers"
| #define PACKAGE_TARNAME "protobuf"
| #define PACKAGE_VERSION "2.6.1"
| #define PACKAGE_STRING "Protocol Buffers 2.6.1"
| #define PACKAGE_BUGREPORT "protobuf@googlegroups.com"
| #define PACKAGE_URL ""
| #define PACKAGE "protobuf"
| #define VERSION "2.6.1"
| /* end confdefs.h.  */
| #include <ac_nonexistent.h>
configure:4824: checking for grep that handles long lines and -e
configure:4882: result: /usr/bin/grep
configure:4887: checking for egrep
configure:4949: result: /usr/bin/grep -E
configure:4954: checking for ANSI C header files
configure:4974: clang++ -c   conftest.cpp >&5
configure:4974: $? = 0
configure:5047: clang++ -o conftest    conftest.cpp  >&5
configure:5047: $? = 0
configure:5047: ./conftest
configure:5047: $? = 0
configure:5058: result: yes
configure:5071: checking for sys/types.h
configure:5071: clang++ -c   conftest.cpp >&5
configure:5071: $? = 0
configure:5071: result: yes
configure:5071: checking for sys/stat.h
configure:5071: clang++ -c   conftest.cpp >&5
configure:5071: $? = 0
configure:5071: result: yes
configure:5071: checking for stdlib.h
configure:5071: clang++ -c   conftest.cpp >&5
configure:5071: $? = 0
configure:5071: result: yes
configure:5071: checking for string.h
configure:5071: clang++ -c   conftest.cpp >&5
configure:5071: $? = 0
configure:5071: result: yes
configure:5071: checking for memory.h
configure:5071: clang++ -c   conftest.cpp >&5
configure:5071: $? = 0
configure:5071: result: yes
configure:5071: checking for strings.h
configure:5071: clang++ -c   conftest.cpp >&5
configure:5071: $? = 0
configure:5071: result: yes
configure:5071: checking for inttypes.h
configure:5071: clang++ -c   conftest.cpp >&5
configure:5071: $? = 0
configure:5071: result: yes
configure:5071: checking for stdint.h
configure:5071: clang++ -c   conftest.cpp >&5
configure:5071: $? = 0
configure:5071: result: yes
configure:5071: checking for unistd.h
configure:5071: clang++ -c   conftest.cpp >&5
configure:5071: $? = 0
configure:5071: result: yes
configure:5084: checking minix/config.h usability
configure:5084: clang++ -c   conftest.cpp >&5
conftest.cpp:54:10: fatal error: 'minix/config.h' file not found
#include <minix/config.h>
         ^
1 error generated.
configure:5084: $? = 1
configure: failed program was:
| /* confdefs.h */
| #define PACKAGE_NAME "Protocol Buffers"
| #define PACKAGE_TARNAME "protobuf"
| #define PACKAGE_VERSION "2.6.1"
| #define PACKAGE_STRING "Protocol Buffers 2.6.1"
| #define PACKAGE_BUGREPORT "protobuf@googlegroups.com"
| #define PACKAGE_URL ""
| #define PACKAGE "protobuf"
| #define VERSION "2.6.1"
| #define STDC_HEADERS 1
| #define HAVE_SYS_TYPES_H 1
| #define HAVE_SYS_STAT_H 1
| #define HAVE_STDLIB_H 1
| #define HAVE_STRING_H 1
| #define HAVE_MEMORY_H 1
| #define HAVE_STRINGS_H 1
| #define HAVE_INTTYPES_H 1
| #define HAVE_STDINT_H 1
| #define HAVE_UNISTD_H 1
| /* end confdefs.h.  */
| #include <stdio.h>
| #ifdef HAVE_SYS_TYPES_H
| # include <sys/types.h>
| #endif
| #ifdef HAVE_SYS_STAT_H
| # include <sys/stat.h>
| #endif
| #ifdef STDC_HEADERS
| # include <stdlib.h>
| # include <stddef.h>
| #else
| # ifdef HAVE_STDLIB_H
| #  include <stdlib.h>
| # endif
| #endif
| #ifdef HAVE_STRING_H
| # if !defined STDC_HEADERS && defined HAVE_MEMORY_H
| #  include <memory.h>
| # endif
| # include <string.h>
| #endif
| #ifdef HAVE_STRINGS_H
| # include <strings.h>
| #endif
| #ifdef HAVE_INTTYPES_H
| # include <inttypes.h>
| #endif
| #ifdef HAVE_STDINT_H
| # include <stdint.h>
| #endif
| #ifdef HAVE_UNISTD_H
| # include <unistd.h>
| #endif
| #include <minix/config.h>
configure:5084: result: no
configure:5084: checking minix/config.h presence
configure:5084: clang++ -E  conftest.cpp
conftest.cpp:21:10: fatal error: 'minix/config.h' file not found
#include <minix/config.h>
         ^
1 error generated.
configure:5084: $? = 1
configure: failed program was:
| /* confdefs.h */
| #define PACKAGE_NAME "Protocol Buffers"
| #define PACKAGE_TARNAME "protobuf"
| #define PACKAGE_VERSION "2.6.1"
| #define PACKAGE_STRING "Protocol Buffers 2.6.1"
| #define PACKAGE_BUGREPORT "protobuf@googlegroups.com"
| #define PACKAGE_URL ""
| #define PACKAGE "protobuf"
| #define VERSION "2.6.1"
| #define STDC_HEADERS 1
| #define HAVE_SYS_TYPES_H 1
| #define HAVE_SYS_STAT_H 1
| #define HAVE_STDLIB_H 1
| #define HAVE_STRING_H 1
| #define HAVE_MEMORY_H 1
| #define HAVE_STRINGS_H 1
| #define HAVE_INTTYPES_H 1
| #define HAVE_STDINT_H 1
| #define HAVE_UNISTD_H 1
| /* end confdefs.h.  */
| #include <minix/config.h>
configure:5084: result: no
configure:5084: checking for minix/config.h
configure:5084: result: no
configure:5105: checking whether it is safe to define __EXTENSIONS__
configure:5123: clang++ -c   conftest.cpp >&5
configure:5123: $? = 0
configure:5130: result: yes
configure:5159: checking C++ compiler flags...
configure:5175: result: use default: -O2  -g -DNDEBUG
configure:5195: checking whether __SUNPRO_CC is declared
configure:5195: clang++ -c  -g -DNDEBUG  conftest.cpp >&5
conftest.cpp:64:10: error: use of undeclared identifier '__SUNPRO_CC'
  (void) __SUNPRO_CC;
         ^
1 error generated.
configure:5195: $? = 1
configure: failed program was:
| /* confdefs.h */
| #define PACKAGE_NAME "Protocol Buffers"
| #define PACKAGE_TARNAME "protobuf"
| #define PACKAGE_VERSION "2.6.1"
| #define PACKAGE_STRING "Protocol Buffers 2.6.1"
| #define PACKAGE_BUGREPORT "protobuf@googlegroups.com"
| #define PACKAGE_URL ""
| #define PACKAGE "protobuf"
| #define VERSION "2.6.1"
| #define STDC_HEADERS 1
| #define HAVE_SYS_TYPES_H 1
| #define HAVE_SYS_STAT_H 1
| #define HAVE_STDLIB_H 1
| #define HAVE_STRING_H 1
| #define HAVE_MEMORY_H 1
| #define HAVE_STRINGS_H 1
| #define HAVE_INTTYPES_H 1
| #define HAVE_STDINT_H 1
| #define HAVE_UNISTD_H 1
| #define __EXTENSIONS__ 1
| #define _ALL_SOURCE 1
| #define _GNU_SOURCE 1
| #define _POSIX_PTHREAD_SEMANTICS 1
| #define _TANDEM_SOURCE 1
| /* end confdefs.h.  */
| #include <stdio.h>
| #ifdef HAVE_SYS_TYPES_H
| # include <sys/types.h>
| #endif
| #ifdef HAVE_SYS_STAT_H
| # include <sys/stat.h>
| #endif
| #ifdef STDC_HEADERS
| # include <stdlib.h>
| # include <stddef.h>
| #else
| # ifdef HAVE_STDLIB_H
| #  include <stdlib.h>
| # endif
| #endif
| #ifdef HAVE_STRING_H
| # if !defined STDC_HEADERS && defined HAVE_MEMORY_H
| #  include <memory.h>
| # endif
| # include <string.h>
| #endif
| #ifdef HAVE_STRINGS_H
| # include <strings.h>
| #endif
| #ifdef HAVE_INTTYPES_H
| # include <inttypes.h>
| #endif
| #ifdef HAVE_STDINT_H
| # include <stdint.h>
| #endif
| #ifdef HAVE_UNISTD_H
| # include <unistd.h>
| #endif
| int
| main ()
| {
| #ifndef __SUNPRO_CC
| #ifdef __cplusplus
|   (void) __SUNPRO_CC;
| #else
|   (void) __SUNPRO_CC;
| #endif
| #endif
| 
|   ;
|   return 0;
| }
configure:5195: result: no
configure:5370: checking how to print strings
configure:5397: result: printf
configure:5418: checking for a sed that does not truncate output
configure:5482: result: /usr/bin/sed
configure:5500: checking for fgrep
configure:5562: result: /usr/bin/grep -F
configure:5597: checking for ld used by clang
configure:5664: result: /Applications/Xcode.app/Contents/Developer/Toolchains/XcodeDefault.xctoolchain/usr/bin/ld
configure:5671: checking if the linker (/Applications/Xcode.app/Contents/Developer/Toolchains/XcodeDefault.xctoolchain/usr/bin/ld) is GNU ld
configure:5686: result: no
configure:5698: checking for BSD- or MS-compatible name lister (nm)
configure:5747: result: /opt/local/bin/nm
configure:5877: checking the name lister (/opt/local/bin/nm) interface
configure:5884: clang++ -c  -g -DNDEBUG  conftest.cpp >&5
configure:5887: /opt/local/bin/nm "conftest.o"
configure:5890: output
0000000000000220 S _some_variable
configure:5897: result: BSD nm
configure:5900: checking whether ln -s works
configure:5904: result: yes
configure:5912: checking the maximum length of command line arguments
configure:6043: result: 196608
configure:6060: checking whether the shell understands some XSI constructs
configure:6070: result: yes
configure:6074: checking whether the shell understands "+="
configure:6080: result: yes
configure:6115: checking how to convert x86_64-apple-darwin14.1.0 file names to x86_64-apple-darwin14.1.0 format
configure:6155: result: func_convert_file_noop
configure:6162: checking how to convert x86_64-apple-darwin14.1.0 file names to toolchain format
configure:6182: result: func_convert_file_noop
configure:6189: checking for /Applications/Xcode.app/Contents/Developer/Toolchains/XcodeDefault.xctoolchain/usr/bin/ld option to reload object files
configure:6196: result: -r
configure:6270: checking for objdump
configure:6300: result: no
configure:6329: checking how to recognize dependent libraries
configure:6527: result: pass_all
configure:6612: checking for dlltool
configure:6642: result: no
configure:6672: checking how to associate runtime and link libraries
configure:6699: result: printf %s\n
configure:6759: checking for ar
configure:6775: found /opt/local/bin/ar
configure:6786: result: ar
configure:6823: checking for archiver @FILE support
configure:6840: clang++ -c  -g -DNDEBUG  conftest.cpp >&5
configure:6840: $? = 0
configure:6843: ar cru libconftest.a @conftest.lst >&5
ar: @conftest.lst: No such file or directory
configure:6846: $? = 1
configure:6866: result: no
configure:6924: checking for strip
configure:6940: found /opt/local/bin/strip
configure:6951: result: strip
configure:7023: checking for ranlib
configure:7039: found /opt/local/bin/ranlib
configure:7050: result: ranlib
configure:7152: checking command to parse /opt/local/bin/nm output from clang object
configure:7272: clang++ -c  -g -DNDEBUG  conftest.cpp >&5
configure:7275: $? = 0
configure:7279: /opt/local/bin/nm conftest.o \| sed -n -e 's/^.*[ ]\([BCDEGRST][BCDEGRST]*\)[ ][ ]*\([_A-Za-z][_A-Za-z0-9]*\)$/\1 \2 \2/p' | sed '/ __gnu_lto/d' \> conftest.nm
configure:7282: $? = 0
cannot find nm_test_var in conftest.nm
configure:7272: clang++ -c  -g -DNDEBUG  conftest.cpp >&5
configure:7275: $? = 0
configure:7279: /opt/local/bin/nm conftest.o \| sed -n -e 's/^.*[ ]\([BCDEGRST][BCDEGRST]*\)[ ][ ]*_\([_A-Za-z][_A-Za-z0-9]*\)$/\1 _\2 \2/p' | sed '/ __gnu_lto/d' \> conftest.nm
configure:7282: $? = 0
configure:7348: clang++ -o conftest  -g -DNDEBUG   conftest.cpp conftstm.o >&5
configure:7351: $? = 0
configure:7389: result: ok
configure:7426: checking for sysroot
configure:7456: result: no
configure:7726: checking for mt
configure:7756: result: no
configure:7776: checking if : is a manifest tool
configure:7782: : '-?'
configure:7790: result: no
configure:7846: checking for dsymutil
configure:7862: found /usr/bin/dsymutil
configure:7873: result: dsymutil
configure:7938: checking for nmedit
configure:7954: found /opt/local/bin/nmedit
configure:7965: result: nmedit
configure:8030: checking for lipo
configure:8046: found /opt/local/bin/lipo
configure:8057: result: lipo
configure:8122: checking for otool
configure:8138: found /opt/local/bin/otool
configure:8149: result: otool
configure:8214: checking for otool64
configure:8244: result: no
configure:8289: checking for -single_module linker flag
clang   -o libconftest.dylib -dynamiclib -Wl,-single_module conftest.c
configure:8322: result: yes
configure:8325: checking for -exported_symbols_list linker flag
configure:8345: clang++ -o conftest  -g -DNDEBUG   -Wl,-exported_symbols_list,conftest.sym conftest.cpp  >&5
configure:8345: $? = 0
configure:8355: result: yes
configure:8358: checking for -force_load linker flag
clang  -c -o conftest.o conftest.c
ar cru libconftest.a conftest.o
ranlib libconftest.a
clang   -o conftest conftest.c -Wl,-force_load,./libconftest.a
configure:8390: result: yes
configure:8429: checking for dlfcn.h
configure:8429: clang++ -c  -g -DNDEBUG  conftest.cpp >&5
configure:8429: $? = 0
configure:8429: result: yes
configure:8645: checking for objdir
configure:8660: result: .libs
configure:8931: checking if clang supports -fno-rtti -fno-exceptions
configure:8949: clang -c   -fno-rtti -fno-exceptions conftest.c >&5
configure:8953: $? = 0
configure:8966: result: yes
configure:9293: checking for clang option to produce PIC
configure:9300: result: -fno-common -DPIC
configure:9308: checking if clang PIC flag -fno-common -DPIC works
configure:9326: clang -c   -fno-common -DPIC -DPIC conftest.c >&5
configure:9330: $? = 0
configure:9343: result: yes
configure:9372: checking if clang static flag -static works
configure:9400: result: no
configure:9415: checking if clang supports -c -o file.o
configure:9436: clang -c   -o out/conftest2.o conftest.c >&5
configure:9440: $? = 0
configure:9462: result: yes
configure:9470: checking if clang supports -c -o file.o
configure:9517: result: yes
configure:9550: checking whether the clang linker (/Applications/Xcode.app/Contents/Developer/Toolchains/XcodeDefault.xctoolchain/usr/bin/ld) supports shared libraries
configure:10707: result: yes
configure:10947: checking dynamic linker characteristics
configure:11681: result: darwin14.1.0 dyld
configure:11788: checking how to hardcode library paths into programs
configure:11813: result: immediate
configure:12353: checking whether stripping libraries is possible
configure:12367: result: yes
configure:12393: checking if libtool supports shared libraries
configure:12395: result: yes
configure:12398: checking whether to build shared libraries
configure:12419: result: yes
configure:12422: checking whether to build static libraries
configure:12426: result: yes
configure:12449: checking how to run the C++ preprocessor
configure:12515: result: clang++ -E
configure:12535: clang++ -E  conftest.cpp
configure:12535: $? = 0
configure:12549: clang++ -E  conftest.cpp
conftest.cpp:28:10: fatal error: 'ac_nonexistent.h' file not found
#include <ac_nonexistent.h>
         ^
1 error generated.
configure:12549: $? = 1
configure: failed program was:
| /* confdefs.h */
| #define PACKAGE_NAME "Protocol Buffers"
| #define PACKAGE_TARNAME "protobuf"
| #define PACKAGE_VERSION "2.6.1"
| #define PACKAGE_STRING "Protocol Buffers 2.6.1"
| #define PACKAGE_BUGREPORT "protobuf@googlegroups.com"
| #define PACKAGE_URL ""
| #define PACKAGE "protobuf"
| #define VERSION "2.6.1"
| #define STDC_HEADERS 1
| #define HAVE_SYS_TYPES_H 1
| #define HAVE_SYS_STAT_H 1
| #define HAVE_STDLIB_H 1
| #define HAVE_STRING_H 1
| #define HAVE_MEMORY_H 1
| #define HAVE_STRINGS_H 1
| #define HAVE_INTTYPES_H 1
| #define HAVE_STDINT_H 1
| #define HAVE_UNISTD_H 1
| #define __EXTENSIONS__ 1
| #define _ALL_SOURCE 1
| #define _GNU_SOURCE 1
| #define _POSIX_PTHREAD_SEMANTICS 1
| #define _TANDEM_SOURCE 1
| #define HAVE_DLFCN_H 1
| #define LT_OBJDIR ".libs/"
| /* end confdefs.h.  */
| #include <ac_nonexistent.h>
configure:12718: checking for ld used by clang++
configure:12785: result: /Applications/Xcode.app/Contents/Developer/Toolchains/XcodeDefault.xctoolchain/usr/bin/ld
configure:12792: checking if the linker (/Applications/Xcode.app/Contents/Developer/Toolchains/XcodeDefault.xctoolchain/usr/bin/ld) is GNU ld
configure:12807: result: no
configure:12862: checking whether the clang++ linker (/Applications/Xcode.app/Contents/Developer/Toolchains/XcodeDefault.xctoolchain/usr/bin/ld) supports shared libraries
configure:13864: result: yes
configure:13900: clang++ -c  -g -DNDEBUG  conftest.cpp >&5
configure:13903: $? = 0
configure:14423: checking for clang++ option to produce PIC
configure:14430: result: -fno-common -DPIC
configure:14438: checking if clang++ PIC flag -fno-common -DPIC works
configure:14456: clang++ -c  -g -DNDEBUG  -fno-common -DPIC -DPIC conftest.cpp >&5
configure:14460: $? = 0
configure:14473: result: yes
configure:14496: checking if clang++ static flag -static works
configure:14524: result: no
configure:14536: checking if clang++ supports -c -o file.o
configure:14557: clang++ -c  -g -DNDEBUG  -o out/conftest2.o conftest.cpp >&5
configure:14561: $? = 0
configure:14583: result: yes
configure:14588: checking if clang++ supports -c -o file.o
configure:14635: result: yes
configure:14665: checking whether the clang++ linker (/Applications/Xcode.app/Contents/Developer/Toolchains/XcodeDefault.xctoolchain/usr/bin/ld) supports shared libraries
configure:14704: result: yes
configure:14845: checking dynamic linker characteristics
configure:15513: result: darwin14.1.0 dyld
configure:15566: checking how to hardcode library paths into programs
configure:15591: result: immediate
configure:15654: checking for ANSI C header files
configure:15758: result: yes
configure:15769: checking fcntl.h usability
configure:15769: clang++ -c  -g -DNDEBUG  conftest.cpp >&5
configure:15769: $? = 0
configure:15769: result: yes
configure:15769: checking fcntl.h presence
configure:15769: clang++ -E  conftest.cpp
configure:15769: $? = 0
configure:15769: result: yes
configure:15769: checking for fcntl.h
configure:15769: result: yes
configure:15769: checking for inttypes.h
configure:15769: result: yes
configure:15769: checking limits.h usability
configure:15769: clang++ -c  -g -DNDEBUG  conftest.cpp >&5
configure:15769: $? = 0
configure:15769: result: yes
configure:15769: checking limits.h presence
configure:15769: clang++ -E  conftest.cpp
configure:15769: $? = 0
configure:15769: result: yes
configure:15769: checking for limits.h
configure:15769: result: yes
configure:15769: checking for stdlib.h
configure:15769: result: yes
configure:15769: checking for unistd.h
configure:15769: result: yes
configure:15781: checking for working memcmp
configure:15824: clang++ -o conftest  -g -DNDEBUG   conftest.cpp  >&5
configure:15824: $? = 0
configure:15824: ./conftest
configure:15824: $? = 0
configure:15834: result: yes
configure:15843: checking for working strtod
configure:15884: clang++ -o conftest  -g -DNDEBUG   conftest.cpp  >&5
conftest.cpp:76:20: warning: conversion from string literal to 'char *' is deprecated [-Wc++11-compat-deprecated-writable-strings]
    char *string = " +69";
                   ^
conftest.cpp:87:20: warning: conversion from string literal to 'char *' is deprecated [-Wc++11-compat-deprecated-writable-strings]
    char *string = "NaN";
                   ^
2 warnings generated.
configure:15884: $? = 0
configure:15884: ./conftest
configure:15884: $? = 0
configure:15894: result: yes
configure:15959: checking for ftruncate
configure:15959: clang++ -o conftest  -g -DNDEBUG   conftest.cpp  >&5
configure:15959: $? = 0
configure:15959: result: yes
configure:15959: checking for memset
configure:15959: clang++ -o conftest  -g -DNDEBUG   conftest.cpp  >&5
configure:15959: $? = 0
configure:15959: result: yes
configure:15959: checking for mkdir
configure:15959: clang++ -o conftest  -g -DNDEBUG   conftest.cpp  >&5
configure:15959: $? = 0
configure:15959: result: yes
configure:15959: checking for strchr
configure:15959: clang++ -o conftest  -g -DNDEBUG   conftest.cpp  >&5
configure:15959: $? = 0
configure:15959: result: yes
configure:15959: checking for strerror
configure:15959: clang++ -o conftest  -g -DNDEBUG   conftest.cpp  >&5
configure:15959: $? = 0
configure:15959: result: yes
configure:15959: checking for strtol
configure:15959: clang++ -o conftest  -g -DNDEBUG   conftest.cpp  >&5
configure:15959: $? = 0
configure:15959: result: yes
configure:15973: checking zlib version
configure:15993: clang++ -c  -g -DNDEBUG  conftest.cpp >&5
configure:15993: $? = 0
configure:15995: result: ok (1.2.0.4 or later)
configure:15999: checking for library containing zlibVersion
configure:16030: clang++ -o conftest  -g -DNDEBUG   conftest.cpp  >&5
Undefined symbols for architecture x86_64:
  "_zlibVersion", referenced from:
      _main in conftest-eb944b.o
ld: symbol(s) not found for architecture x86_64
clang: error: linker command failed with exit code 1 (use -v to see invocation)
configure:16030: $? = 1
configure: failed program was:
| /* confdefs.h */
| #define PACKAGE_NAME "Protocol Buffers"
| #define PACKAGE_TARNAME "protobuf"
| #define PACKAGE_VERSION "2.6.1"
| #define PACKAGE_STRING "Protocol Buffers 2.6.1"
| #define PACKAGE_BUGREPORT "protobuf@googlegroups.com"
| #define PACKAGE_URL ""
| #define PACKAGE "protobuf"
| #define VERSION "2.6.1"
| #define STDC_HEADERS 1
| #define HAVE_SYS_TYPES_H 1
| #define HAVE_SYS_STAT_H 1
| #define HAVE_STDLIB_H 1
| #define HAVE_STRING_H 1
| #define HAVE_MEMORY_H 1
| #define HAVE_STRINGS_H 1
| #define HAVE_INTTYPES_H 1
| #define HAVE_STDINT_H 1
| #define HAVE_UNISTD_H 1
| #define __EXTENSIONS__ 1
| #define _ALL_SOURCE 1
| #define _GNU_SOURCE 1
| #define _POSIX_PTHREAD_SEMANTICS 1
| #define _TANDEM_SOURCE 1
| #define HAVE_DLFCN_H 1
| #define LT_OBJDIR ".libs/"
| #define STDC_HEADERS 1
| #define HAVE_FCNTL_H 1
| #define HAVE_INTTYPES_H 1
| #define HAVE_LIMITS_H 1
| #define HAVE_STDLIB_H 1
| #define HAVE_UNISTD_H 1
| #define HAVE_FTRUNCATE 1
| #define HAVE_MEMSET 1
| #define HAVE_MKDIR 1
| #define HAVE_STRCHR 1
| #define HAVE_STRERROR 1
| #define HAVE_STRTOL 1
| /* end confdefs.h.  */
| 
| /* Override any GCC internal prototype to avoid an error.
|    Use char because int might match the return type of a GCC
|    builtin and then its argument prototype would still apply.  */
| #ifdef __cplusplus
| extern "C"
| #endif
| char zlibVersion ();
| int
| main ()
| {
| return zlibVersion ();
|   ;
|   return 0;
| }
configure:16030: clang++ -o conftest  -g -DNDEBUG   conftest.cpp -lz   >&5
configure:16030: $? = 0
configure:16047: result: -lz
configure:16298: checking for the pthreads library -lpthreads
configure:16331: clang -o conftest     conftest.c -lpthreads -lz  >&5
ld: library not found for -lpthreads
clang: error: linker command failed with exit code 1 (use -v to see invocation)
configure:16331: $? = 1
configure: failed program was:
| /* confdefs.h */
| #define PACKAGE_NAME "Protocol Buffers"
| #define PACKAGE_TARNAME "protobuf"
| #define PACKAGE_VERSION "2.6.1"
| #define PACKAGE_STRING "Protocol Buffers 2.6.1"
| #define PACKAGE_BUGREPORT "protobuf@googlegroups.com"
| #define PACKAGE_URL ""
| #define PACKAGE "protobuf"
| #define VERSION "2.6.1"
| #define STDC_HEADERS 1
| #define HAVE_SYS_TYPES_H 1
| #define HAVE_SYS_STAT_H 1
| #define HAVE_STDLIB_H 1
| #define HAVE_STRING_H 1
| #define HAVE_MEMORY_H 1
| #define HAVE_STRINGS_H 1
| #define HAVE_INTTYPES_H 1
| #define HAVE_STDINT_H 1
| #define HAVE_UNISTD_H 1
| #define __EXTENSIONS__ 1
| #define _ALL_SOURCE 1
| #define _GNU_SOURCE 1
| #define _POSIX_PTHREAD_SEMANTICS 1
| #define _TANDEM_SOURCE 1
| #define HAVE_DLFCN_H 1
| #define LT_OBJDIR ".libs/"
| #define STDC_HEADERS 1
| #define HAVE_FCNTL_H 1
| #define HAVE_INTTYPES_H 1
| #define HAVE_LIMITS_H 1
| #define HAVE_STDLIB_H 1
| #define HAVE_UNISTD_H 1
| #define HAVE_FTRUNCATE 1
| #define HAVE_MEMSET 1
| #define HAVE_MKDIR 1
| #define HAVE_STRCHR 1
| #define HAVE_STRERROR 1
| #define HAVE_STRTOL 1
| #define HAVE_ZLIB 1
| /* end confdefs.h.  */
| #include <pthread.h>
| int
| main ()
| {
| pthread_t th; pthread_join(th, 0);
|                      pthread_attr_init(0); pthread_cleanup_push(0, 0);
|                      pthread_create(0,0,0,0); pthread_cleanup_pop(0);
|   ;
|   return 0;
| }
configure:16340: result: no
configure:16243: checking whether pthreads work without any flags
configure:16331: clang -o conftest     conftest.c  -lz  >&5
configure:16331: $? = 0
configure:16340: result: yes
configure:16359: checking for joinable pthread attribute
configure:16374: clang -o conftest     conftest.c  -lz  >&5
configure:16374: $? = 0
configure:16380: result: PTHREAD_CREATE_JOINABLE
configure:16390: checking if more special flags are required for pthreads
configure:16397: result: -D_THREAD_SAFE
configure:16486: checking whether to check for GCC pthread/shared inconsistencies
configure:16499: clang -o conftest -shared -fPIC -Wl,-z,defs  -D_THREAD_SAFE    conftest.c  -lz  >&5
ld: unknown option: -z
clang: error: linker command failed with exit code 1 (use -v to see invocation)
configure:16499: $? = 1
configure: failed program was:
| /* confdefs.h */
| #define PACKAGE_NAME "Protocol Buffers"
| #define PACKAGE_TARNAME "protobuf"
| #define PACKAGE_VERSION "2.6.1"
| #define PACKAGE_STRING "Protocol Buffers 2.6.1"
| #define PACKAGE_BUGREPORT "protobuf@googlegroups.com"
| #define PACKAGE_URL ""
| #define PACKAGE "protobuf"
| #define VERSION "2.6.1"
| #define STDC_HEADERS 1
| #define HAVE_SYS_TYPES_H 1
| #define HAVE_SYS_STAT_H 1
| #define HAVE_STDLIB_H 1
| #define HAVE_STRING_H 1
| #define HAVE_MEMORY_H 1
| #define HAVE_STRINGS_H 1
| #define HAVE_INTTYPES_H 1
| #define HAVE_STDINT_H 1
| #define HAVE_UNISTD_H 1
| #define __EXTENSIONS__ 1
| #define _ALL_SOURCE 1
| #define _GNU_SOURCE 1
| #define _POSIX_PTHREAD_SEMANTICS 1
| #define _TANDEM_SOURCE 1
| #define HAVE_DLFCN_H 1
| #define LT_OBJDIR ".libs/"
| #define STDC_HEADERS 1
| #define HAVE_FCNTL_H 1
| #define HAVE_INTTYPES_H 1
| #define HAVE_LIMITS_H 1
| #define HAVE_STDLIB_H 1
| #define HAVE_UNISTD_H 1
| #define HAVE_FTRUNCATE 1
| #define HAVE_MEMSET 1
| #define HAVE_MKDIR 1
| #define HAVE_STRCHR 1
| #define HAVE_STRERROR 1
| #define HAVE_STRTOL 1
| #define HAVE_ZLIB 1
| /* end confdefs.h.  */
| 
| int
| main ()
| {
| 
|   ;
|   return 0;
| }
configure:16508: result: no
configure:16627: checking whether what we have so far is sufficient with -nostdlib
configure:16645: clang -o conftest -nostdlib -shared -fPIC -Wl,-z,defs  -D_THREAD_SAFE    conftest.c  -lz  -lc >&5
ld: unknown option: -z
clang: error: linker command failed with exit code 1 (use -v to see invocation)
configure:16645: $? = 1
configure: failed program was:
| /* confdefs.h */
| #define PACKAGE_NAME "Protocol Buffers"
| #define PACKAGE_TARNAME "protobuf"
| #define PACKAGE_VERSION "2.6.1"
| #define PACKAGE_STRING "Protocol Buffers 2.6.1"
| #define PACKAGE_BUGREPORT "protobuf@googlegroups.com"
| #define PACKAGE_URL ""
| #define PACKAGE "protobuf"
| #define VERSION "2.6.1"
| #define STDC_HEADERS 1
| #define HAVE_SYS_TYPES_H 1
| #define HAVE_SYS_STAT_H 1
| #define HAVE_STDLIB_H 1
| #define HAVE_STRING_H 1
| #define HAVE_MEMORY_H 1
| #define HAVE_STRINGS_H 1
| #define HAVE_INTTYPES_H 1
| #define HAVE_STDINT_H 1
| #define HAVE_UNISTD_H 1
| #define __EXTENSIONS__ 1
| #define _ALL_SOURCE 1
| #define _GNU_SOURCE 1
| #define _POSIX_PTHREAD_SEMANTICS 1
| #define _TANDEM_SOURCE 1
| #define HAVE_DLFCN_H 1
| #define LT_OBJDIR ".libs/"
| #define STDC_HEADERS 1
| #define HAVE_FCNTL_H 1
| #define HAVE_INTTYPES_H 1
| #define HAVE_LIMITS_H 1
| #define HAVE_STDLIB_H 1
| #define HAVE_UNISTD_H 1
| #define HAVE_FTRUNCATE 1
| #define HAVE_MEMSET 1
| #define HAVE_MKDIR 1
| #define HAVE_STRCHR 1
| #define HAVE_STRERROR 1
| #define HAVE_STRTOL 1
| #define HAVE_ZLIB 1
| /* end confdefs.h.  */
| #include <pthread.h>
| int
| main ()
| {
| pthread_t th; pthread_join(th, 0);
| 	       pthread_attr_init(0); pthread_cleanup_push(0, 0);
| 	       pthread_create(0,0,0,0); pthread_cleanup_pop(0);
|   ;
|   return 0;
| }
configure:16657: result: no
configure:16662: checking whether -lpthread saves the day
configure:16678: clang -o conftest -nostdlib -shared -fPIC -Wl,-z,defs  -D_THREAD_SAFE    conftest.c -lpthread  -lz  -lc >&5
ld: unknown option: -z
clang: error: linker command failed with exit code 1 (use -v to see invocation)
configure:16678: $? = 1
configure: failed program was:
| /* confdefs.h */
| #define PACKAGE_NAME "Protocol Buffers"
| #define PACKAGE_TARNAME "protobuf"
| #define PACKAGE_VERSION "2.6.1"
| #define PACKAGE_STRING "Protocol Buffers 2.6.1"
| #define PACKAGE_BUGREPORT "protobuf@googlegroups.com"
| #define PACKAGE_URL ""
| #define PACKAGE "protobuf"
| #define VERSION "2.6.1"
| #define STDC_HEADERS 1
| #define HAVE_SYS_TYPES_H 1
| #define HAVE_SYS_STAT_H 1
| #define HAVE_STDLIB_H 1
| #define HAVE_STRING_H 1
| #define HAVE_MEMORY_H 1
| #define HAVE_STRINGS_H 1
| #define HAVE_INTTYPES_H 1
| #define HAVE_STDINT_H 1
| #define HAVE_UNISTD_H 1
| #define __EXTENSIONS__ 1
| #define _ALL_SOURCE 1
| #define _GNU_SOURCE 1
| #define _POSIX_PTHREAD_SEMANTICS 1
| #define _TANDEM_SOURCE 1
| #define HAVE_DLFCN_H 1
| #define LT_OBJDIR ".libs/"
| #define STDC_HEADERS 1
| #define HAVE_FCNTL_H 1
| #define HAVE_INTTYPES_H 1
| #define HAVE_LIMITS_H 1
| #define HAVE_STDLIB_H 1
| #define HAVE_UNISTD_H 1
| #define HAVE_FTRUNCATE 1
| #define HAVE_MEMSET 1
| #define HAVE_MKDIR 1
| #define HAVE_STRCHR 1
| #define HAVE_STRERROR 1
| #define HAVE_STRTOL 1
| #define HAVE_ZLIB 1
| /* end confdefs.h.  */
| #include <pthread.h>
| int
| main ()
| {
| pthread_t th; pthread_join(th, 0);
| 	       pthread_attr_init(0); pthread_cleanup_push(0, 0);
| 	       pthread_create(0,0,0,0); pthread_cleanup_pop(0);
|   ;
|   return 0;
| }
configure:16691: result: no
configure:16693: WARNING: Impossible to determine how to use pthreads with shared libraries and -nostdlib
configure:16727: checking the location of hash_map
configure:16753: clang++ -c  -g -DNDEBUG  conftest.cpp >&5
configure:16753: $? = 0
configure:16775: clang++ -c  -g -DNDEBUG  conftest.cpp >&5
configure:16775: $? = 0
configure:16842: result: <unordered_map>
configure:16857: checking for library containing sched_yield
configure:16888: clang++ -o conftest  -g -DNDEBUG   conftest.cpp -lz  >&5
configure:16888: $? = 0
configure:16905: result: none required
configure:17046: checking that generated files are newer than configure
configure:17052: result: done
configure:17091: creating ./config.status

## ---------------------- ##
## Running config.status. ##
## ---------------------- ##

This file was extended by Protocol Buffers config.status 2.6.1, which was
generated by GNU Autoconf 2.69.  Invocation command line was

  CONFIG_FILES    = 
  CONFIG_HEADERS  = 
  CONFIG_LINKS    = 
  CONFIG_COMMANDS = 
  $ ./config.status 

on Fengs-MacBook-Pro.local

config.status:1190: creating Makefile
config.status:1190: creating src/Makefile
config.status:1190: creating protobuf.pc
config.status:1190: creating protobuf-lite.pc
config.status:1190: creating config.h
config.status:1371: config.h is unchanged
config.status:1419: executing depfiles commands
config.status:1419: executing libtool commands
configure:19649: === configuring in gtest (/nx/work/toolchain/protobuf-2.6.1/gtest)
configure:19712: running /bin/sh ./configure --disable-option-checking '--prefix=/nx/work/toolchain/installed'  'CC=clang' 'CXX=clang++' --cache-file=/dev/null --srcdir=.

## ---------------- ##
## Cache variables. ##
## ---------------- ##

ac_cv_build=x86_64-apple-darwin14.1.0
ac_cv_c_compiler_gnu=yes
ac_cv_cxx_compiler_gnu=yes
ac_cv_cxx_hash_map='<unordered_map>'
ac_cv_cxx_hash_map_class=unordered_map
ac_cv_cxx_hash_namespace=std
ac_cv_cxx_hash_set='<unordered_set>'
ac_cv_cxx_hash_set_class=unordered_set
ac_cv_env_CCC_set=
ac_cv_env_CCC_value=
ac_cv_env_CC_set=set
ac_cv_env_CC_value=clang
ac_cv_env_CFLAGS_set=
ac_cv_env_CFLAGS_value=
ac_cv_env_CPPFLAGS_set=
ac_cv_env_CPPFLAGS_value=
ac_cv_env_CXXCPP_set=
ac_cv_env_CXXCPP_value=
ac_cv_env_CXXFLAGS_set=
ac_cv_env_CXXFLAGS_value=
ac_cv_env_CXX_set=set
ac_cv_env_CXX_value=clang++
ac_cv_env_LDFLAGS_set=
ac_cv_env_LDFLAGS_value=
ac_cv_env_LIBS_set=
ac_cv_env_LIBS_value=
ac_cv_env_build_alias_set=
ac_cv_env_build_alias_value=
ac_cv_env_host_alias_set=
ac_cv_env_host_alias_value=
ac_cv_env_target_alias_set=
ac_cv_env_target_alias_value=
ac_cv_func_ftruncate=yes
ac_cv_func_memcmp_working=yes
ac_cv_func_memset=yes
ac_cv_func_mkdir=yes
ac_cv_func_strchr=yes
ac_cv_func_strerror=yes
ac_cv_func_strtod=yes
ac_cv_func_strtol=yes
ac_cv_have_decl___SUNPRO_CC=no
ac_cv_header_dlfcn_h=yes
ac_cv_header_fcntl_h=yes
ac_cv_header_inttypes_h=yes
ac_cv_header_limits_h=yes
ac_cv_header_memory_h=yes
ac_cv_header_minix_config_h=no
ac_cv_header_stdc=yes
ac_cv_header_stdint_h=yes
ac_cv_header_stdlib_h=yes
ac_cv_header_string_h=yes
ac_cv_header_strings_h=yes
ac_cv_header_sys_stat_h=yes
ac_cv_header_sys_types_h=yes
ac_cv_header_unistd_h=yes
ac_cv_host=x86_64-apple-darwin14.1.0
ac_cv_objext=o
ac_cv_path_EGREP='/usr/bin/grep -E'
ac_cv_path_FGREP='/usr/bin/grep -F'
ac_cv_path_GREP=/usr/bin/grep
ac_cv_path_SED=/usr/bin/sed
ac_cv_path_install='/usr/bin/install -c'
ac_cv_prog_AWK=awk
ac_cv_prog_CXXCPP='clang++ -E'
ac_cv_prog_ac_ct_AR=ar
ac_cv_prog_ac_ct_CC=clang
ac_cv_prog_ac_ct_DSYMUTIL=dsymutil
ac_cv_prog_ac_ct_LIPO=lipo
ac_cv_prog_ac_ct_NMEDIT=nmedit
ac_cv_prog_ac_ct_OTOOL=otool
ac_cv_prog_ac_ct_RANLIB=ranlib
ac_cv_prog_ac_ct_STRIP=strip
ac_cv_prog_cc_c89=
ac_cv_prog_cc_g=yes
ac_cv_prog_cxx_g=yes
ac_cv_prog_make_make_set=yes
ac_cv_safe_to_define___extensions__=yes
ac_cv_search_sched_yield='none required'
ac_cv_search_zlibVersion=-lz
ac_cv_target=x86_64-apple-darwin14.1.0
am_cv_CC_dependencies_compiler_type=gcc3
am_cv_CXX_dependencies_compiler_type=gcc3
am_cv_make_support_nested_variables=yes
am_cv_prog_cc_c_o=yes
lt_cv_apple_cc_single_mod=yes
lt_cv_ar_at_file=no
lt_cv_deplibs_check_method=pass_all
lt_cv_file_magic_cmd='$MAGIC_CMD'
lt_cv_file_magic_test_file=
lt_cv_ld_exported_symbols_list=yes
lt_cv_ld_force_load=yes
lt_cv_ld_reload_flag=-r
lt_cv_nm_interface='BSD nm'
lt_cv_objdir=.libs
lt_cv_path_LD=/Applications/Xcode.app/Contents/Developer/Toolchains/XcodeDefault.xctoolchain/usr/bin/ld
lt_cv_path_LDCXX=/Applications/Xcode.app/Contents/Developer/Toolchains/XcodeDefault.xctoolchain/usr/bin/ld
lt_cv_path_NM=/opt/local/bin/nm
lt_cv_path_mainfest_tool=no
lt_cv_prog_compiler_c_o=yes
lt_cv_prog_compiler_c_o_CXX=yes
lt_cv_prog_compiler_pic='-fno-common -DPIC'
lt_cv_prog_compiler_pic_CXX='-fno-common -DPIC'
lt_cv_prog_compiler_pic_works=yes
lt_cv_prog_compiler_pic_works_CXX=yes
lt_cv_prog_compiler_rtti_exceptions=yes
lt_cv_prog_compiler_static_works=no
lt_cv_prog_compiler_static_works_CXX=no
lt_cv_prog_gnu_ld=no
lt_cv_prog_gnu_ldcxx=no
lt_cv_sharedlib_from_linklib_cmd='printf %s\n'
lt_cv_sys_global_symbol_pipe='sed -n -e '\''s/^.*[	 ]\([BCDEGRST][BCDEGRST]*\)[	 ][	 ]*_\([_A-Za-z][_A-Za-z0-9]*\)$/\1 _\2 \2/p'\'' | sed '\''/ __gnu_lto/d'\'''
lt_cv_sys_global_symbol_to_c_name_address='sed -n -e '\''s/^: \([^ ]*\)[ ]*$/  {\"\1\", (void *) 0},/p'\'' -e '\''s/^[BCDEGRST]* \([^ ]*\) \([^ ]*\)$/  {"\2", (void *) \&\2},/p'\'''
lt_cv_sys_global_symbol_to_c_name_address_lib_prefix='sed -n -e '\''s/^: \([^ ]*\)[ ]*$/  {\"\1\", (void *) 0},/p'\'' -e '\''s/^[BCDEGRST]* \([^ ]*\) \(lib[^ ]*\)$/  {"\2", (void *) \&\2},/p'\'' -e '\''s/^[BCDEGRST]* \([^ ]*\) \([^ ]*\)$/  {"lib\2", (void *) \&\2},/p'\'''
lt_cv_sys_global_symbol_to_cdecl='sed -n -e '\''s/^T .* \(.*\)$/extern int \1();/p'\'' -e '\''s/^[BCDEGRST]* .* \(.*\)$/extern char \1;/p'\'''
lt_cv_sys_max_cmd_len=196608
lt_cv_to_host_file_cmd=func_convert_file_noop
lt_cv_to_tool_file_cmd=func_convert_file_noop

## ----------------- ##
## Output variables. ##
## ----------------- ##

ACLOCAL='${SHELL} /nx/work/toolchain/protobuf-2.6.1/missing aclocal-1.15'
AMDEPBACKSLASH='\'
AMDEP_FALSE='#'
AMDEP_TRUE=''
AMTAR='$${TAR-tar}'
AM_BACKSLASH='\'
AM_DEFAULT_V='$(AM_DEFAULT_VERBOSITY)'
AM_DEFAULT_VERBOSITY='1'
AM_V='$(V)'
AR='ar'
AUTOCONF='${SHELL} /nx/work/toolchain/protobuf-2.6.1/missing autoconf'
AUTOHEADER='${SHELL} /nx/work/toolchain/protobuf-2.6.1/missing autoheader'
AUTOMAKE='${SHELL} /nx/work/toolchain/protobuf-2.6.1/missing automake-1.15'
AWK='awk'
CC='clang'
CCDEPMODE='depmode=gcc3'
CFLAGS=''
CPPFLAGS=''
CXX='clang++'
CXXCPP='clang++ -E'
CXXDEPMODE='depmode=gcc3'
CXXFLAGS=' -g -DNDEBUG'
CYGPATH_W='echo'
DEFS='-DHAVE_CONFIG_H'
DEPDIR='.deps'
DLLTOOL='false'
DSYMUTIL='dsymutil'
DUMPBIN=''
ECHO_C='\c'
ECHO_N=''
ECHO_T=''
EGREP='/usr/bin/grep -E'
EXEEXT=''
FGREP='/usr/bin/grep -F'
GCC_FALSE='#'
GCC_TRUE=''
GREP='/usr/bin/grep'
HAVE_ZLIB_FALSE='#'
HAVE_ZLIB_TRUE=''
INSTALL_DATA='${INSTALL} -m 644'
INSTALL_PROGRAM='${INSTALL}'
INSTALL_SCRIPT='${INSTALL}'
INSTALL_STRIP_PROGRAM='$(install_sh) -c -s'
ISAINFO=''
LD='/Applications/Xcode.app/Contents/Developer/Toolchains/XcodeDefault.xctoolchain/usr/bin/ld'
LDFLAGS=''
LIBOBJS=''
LIBS='-lz '
LIBTOOL='$(SHELL) $(top_builddir)/libtool'
LIPO='lipo'
LN_S='ln -s'
LTLIBOBJS=''
MAINT=''
MAINTAINER_MODE_FALSE='#'
MAINTAINER_MODE_TRUE=''
MAKEINFO='${SHELL} /nx/work/toolchain/protobuf-2.6.1/missing makeinfo'
MANIFEST_TOOL=':'
MKDIR_P='./install-sh -c -d'
NM='/opt/local/bin/nm'
NMEDIT='nmedit'
OBJDUMP='false'
OBJEXT='o'
OTOOL64=':'
OTOOL='otool'
PACKAGE='protobuf'
PACKAGE_BUGREPORT='protobuf@googlegroups.com'
PACKAGE_NAME='Protocol Buffers'
PACKAGE_STRING='Protocol Buffers 2.6.1'
PACKAGE_TARNAME='protobuf'
PACKAGE_URL=''
PACKAGE_VERSION='2.6.1'
PATH_SEPARATOR=':'
POW_LIB=''
PROTOBUF_OPT_FLAG='-O2'
PROTOC=''
PTHREAD_CC='clang'
PTHREAD_CFLAGS='-D_THREAD_SAFE '
PTHREAD_LIBS=''
RANLIB='ranlib'
SED='/usr/bin/sed'
SET_MAKE=''
SHELL='/bin/sh'
STRIP='strip'
USE_EXTERNAL_PROTOC_FALSE=''
USE_EXTERNAL_PROTOC_TRUE='#'
VERSION='2.6.1'
ac_ct_AR='ar'
ac_ct_CC='clang'
ac_ct_CXX=''
ac_ct_DUMPBIN=''
acx_pthread_config=''
am__EXEEXT_FALSE=''
am__EXEEXT_TRUE='#'
am__fastdepCC_FALSE='#'
am__fastdepCC_TRUE=''
am__fastdepCXX_FALSE='#'
am__fastdepCXX_TRUE=''
am__include='include'
am__isrc=''
am__leading_dot='.'
am__nodep='_no'
am__quote=''
am__tar='$${TAR-tar} chof - "$$tardir"'
am__untar='$${TAR-tar} xf -'
bindir='${exec_prefix}/bin'
build='x86_64-apple-darwin14.1.0'
build_alias=''
build_cpu='x86_64'
build_os='darwin14.1.0'
build_vendor='apple'
datadir='${datarootdir}'
datarootdir='${prefix}/share'
docdir='${datarootdir}/doc/${PACKAGE_TARNAME}'
dvidir='${docdir}'
exec_prefix='${prefix}'
host='x86_64-apple-darwin14.1.0'
host_alias=''
host_cpu='x86_64'
host_os='darwin14.1.0'
host_vendor='apple'
htmldir='${docdir}'
includedir='${prefix}/include'
infodir='${datarootdir}/info'
install_sh='${SHELL} /nx/work/toolchain/protobuf-2.6.1/install-sh'
libdir='${exec_prefix}/lib'
libexecdir='${exec_prefix}/libexec'
localedir='${datarootdir}/locale'
localstatedir='${prefix}/var'
mandir='${datarootdir}/man'
mkdir_p='$(MKDIR_P)'
oldincludedir='/usr/include'
pdfdir='${docdir}'
prefix='/nx/work/toolchain/installed'
program_transform_name='s,x,x,'
psdir='${docdir}'
sbindir='${exec_prefix}/sbin'
sharedstatedir='${prefix}/com'
subdirs=' gtest'
sysconfdir='${prefix}/etc'
target='x86_64-apple-darwin14.1.0'
target_alias=''
target_cpu='x86_64'
target_os='darwin14.1.0'
target_vendor='apple'

## ----------- ##
## confdefs.h. ##
## ----------- ##

/* confdefs.h */
#define PACKAGE_NAME "Protocol Buffers"
#define PACKAGE_TARNAME "protobuf"
#define PACKAGE_VERSION "2.6.1"
#define PACKAGE_STRING "Protocol Buffers 2.6.1"
#define PACKAGE_BUGREPORT "protobuf@googlegroups.com"
#define PACKAGE_URL ""
#define PACKAGE "protobuf"
#define VERSION "2.6.1"
#define STDC_HEADERS 1
#define HAVE_SYS_TYPES_H 1
#define HAVE_SYS_STAT_H 1
#define HAVE_STDLIB_H 1
#define HAVE_STRING_H 1
#define HAVE_MEMORY_H 1
#define HAVE_STRINGS_H 1
#define HAVE_INTTYPES_H 1
#define HAVE_STDINT_H 1
#define HAVE_UNISTD_H 1
#define __EXTENSIONS__ 1
#define _ALL_SOURCE 1
#define _GNU_SOURCE 1
#define _POSIX_PTHREAD_SEMANTICS 1
#define _TANDEM_SOURCE 1
#define HAVE_DLFCN_H 1
#define LT_OBJDIR ".libs/"
#define STDC_HEADERS 1
#define HAVE_FCNTL_H 1
#define HAVE_INTTYPES_H 1
#define HAVE_LIMITS_H 1
#define HAVE_STDLIB_H 1
#define HAVE_UNISTD_H 1
#define HAVE_FTRUNCATE 1
#define HAVE_MEMSET 1
#define HAVE_MKDIR 1
#define HAVE_STRCHR 1
#define HAVE_STRERROR 1
#define HAVE_STRTOL 1
#define HAVE_ZLIB 1
#define HAVE_PTHREAD 1
#define HAVE_HASH_MAP 1
#define HAVE_HASH_SET 1
#define HASH_MAP_H <unordered_map>
#define HASH_SET_H <unordered_set>
#define HASH_NAMESPACE std
#define HASH_MAP_CLASS unordered_map
#define HASH_SET_CLASS unordered_set

configure: exit 0

## ---------------------- ##
## Running config.status. ##
## ---------------------- ##

This file was extended by Protocol Buffers config.status 2.6.1, which was
generated by GNU Autoconf 2.69.  Invocation command line was

  CONFIG_FILES    = 
  CONFIG_HEADERS  = 
  CONFIG_LINKS    = 
  CONFIG_COMMANDS = 
  $ ./config.status config.h

on Fengs-MacBook-Pro.local

config.status:1190: creating config.h
config.status:1371: config.h is unchanged
